{
  "D:\\game-store-backend\\src\\helpers\\logger.ts": {
    "path": "D:\\game-store-backend\\src\\helpers\\logger.ts",
    "statementMap": {
      "0": { "start": { "line": 1, "column": 0 }, "end": { "line": 1, "column": 59 } },
      "1": { "start": { "line": 2, "column": 46 }, "end": { "line": 2, "column": 52 } },
      "2": { "start": { "line": 4, "column": 17 }, "end": { "line": 6, "column": 2 } },
      "3": { "start": { "line": 5, "column": 2 }, "end": { "line": 5, "column": 56 } },
      "4": { "start": { "line": 8, "column": 15 }, "end": { "line": 15, "column": 2 } },
      "5": { "start": { "line": 17, "column": 0 }, "end": { "line": 23, "column": null } },
      "6": { "start": { "line": 18, "column": 2 }, "end": { "line": 22, "column": 4 } },
      "7": { "start": { "line": 25, "column": 0 }, "end": { "line": 25, "column": 22 } }
    },
    "fnMap": {
      "0": {
        "name": "(anonymous_0)",
        "decl": { "start": { "line": 4, "column": 24 }, "end": { "line": 4, "column": 25 } },
        "loc": { "start": { "line": 4, "column": 65 }, "end": { "line": 6, "column": 1 } }
      }
    },
    "branchMap": {
      "0": {
        "loc": { "start": { "line": 17, "column": 0 }, "end": { "line": 23, "column": null } },
        "type": "if",
        "locations": [{ "start": { "line": 17, "column": 0 }, "end": { "line": 23, "column": null } }]
      }
    },
    "s": { "0": 2, "1": 2, "2": 2, "3": 0, "4": 2, "5": 2, "6": 0, "7": 2 },
    "f": { "0": 0 },
    "b": { "0": [0] }
  },
  "D:\\game-store-backend\\src\\helpers\\queryHandler\\category.ts": {
    "path": "D:\\game-store-backend\\src\\helpers\\queryHandler\\category.ts",
    "statementMap": {
      "0": { "start": { "line": 2, "column": 0 }, "end": { "line": 2, "column": 63 } },
      "1": { "start": { "line": 4, "column": 42 }, "end": { "line": 27, "column": 1 } },
      "2": { "start": { "line": 5, "column": 31 }, "end": { "line": 8, "column": 4 } },
      "3": { "start": { "line": 10, "column": 2 }, "end": { "line": 10, "column": 46 } },
      "4": { "start": { "line": 10, "column": 35 }, "end": { "line": 10, "column": 46 } },
      "5": { "start": { "line": 12, "column": 2 }, "end": { "line": 19, "column": null } },
      "6": { "start": { "line": 13, "column": 4 }, "end": { "line": 18, "column": 111 } },
      "7": { "start": { "line": 14, "column": 30 }, "end": { "line": 14, "column": 85 } },
      "8": { "start": { "line": 16, "column": 6 }, "end": { "line": 16, "column": 48 } },
      "9": { "start": { "line": 16, "column": 37 }, "end": { "line": 16, "column": 48 } },
      "10": { "start": { "line": 17, "column": 6 }, "end": { "line": 17, "column": 44 } },
      "11": { "start": { "line": 18, "column": 11 }, "end": { "line": 18, "column": 111 } },
      "12": { "start": { "line": 21, "column": 2 }, "end": { "line": 24, "column": null } },
      "13": { "start": { "line": 22, "column": 4 }, "end": { "line": 23, "column": 110 } },
      "14": { "start": { "line": 22, "column": 53 }, "end": { "line": 22, "column": 84 } },
      "15": { "start": { "line": 23, "column": 9 }, "end": { "line": 23, "column": 110 } },
      "16": { "start": { "line": 26, "column": 2 }, "end": { "line": 26, "column": 13 } },
      "17": { "start": { "line": 4, "column": 13 }, "end": { "line": 4, "column": 42 } }
    },
    "fnMap": {
      "0": {
        "name": "(anonymous_0)",
        "decl": { "start": { "line": 4, "column": 42 }, "end": { "line": 4, "column": 43 } },
        "loc": { "start": { "line": 4, "column": 99 }, "end": { "line": 27, "column": 1 } }
      }
    },
    "branchMap": {
      "0": {
        "loc": { "start": { "line": 10, "column": 2 }, "end": { "line": 10, "column": 46 } },
        "type": "if",
        "locations": [{ "start": { "line": 10, "column": 2 }, "end": { "line": 10, "column": 46 } }]
      },
      "1": {
        "loc": { "start": { "line": 12, "column": 2 }, "end": { "line": 19, "column": null } },
        "type": "if",
        "locations": [{ "start": { "line": 12, "column": 2 }, "end": { "line": 19, "column": null } }]
      },
      "2": {
        "loc": { "start": { "line": 13, "column": 4 }, "end": { "line": 18, "column": 111 } },
        "type": "if",
        "locations": [
          { "start": { "line": 13, "column": 4 }, "end": { "line": 18, "column": 111 } },
          { "start": { "line": 18, "column": 11 }, "end": { "line": 18, "column": 111 } }
        ]
      },
      "3": {
        "loc": { "start": { "line": 13, "column": 8 }, "end": { "line": 13, "column": 93 } },
        "type": "binary-expr",
        "locations": [
          { "start": { "line": 13, "column": 8 }, "end": { "line": 13, "column": 48 } },
          { "start": { "line": 13, "column": 52 }, "end": { "line": 13, "column": 93 } }
        ]
      },
      "4": {
        "loc": { "start": { "line": 14, "column": 30 }, "end": { "line": 14, "column": 85 } },
        "type": "cond-expr",
        "locations": [
          { "start": { "line": 14, "column": 73 }, "end": { "line": 14, "column": 77 } },
          { "start": { "line": 14, "column": 80 }, "end": { "line": 14, "column": 85 } }
        ]
      },
      "5": {
        "loc": { "start": { "line": 16, "column": 6 }, "end": { "line": 16, "column": 48 } },
        "type": "if",
        "locations": [{ "start": { "line": 16, "column": 6 }, "end": { "line": 16, "column": 48 } }]
      },
      "6": {
        "loc": { "start": { "line": 21, "column": 2 }, "end": { "line": 24, "column": null } },
        "type": "if",
        "locations": [{ "start": { "line": 21, "column": 2 }, "end": { "line": 24, "column": null } }]
      },
      "7": {
        "loc": { "start": { "line": 22, "column": 4 }, "end": { "line": 23, "column": 110 } },
        "type": "if",
        "locations": [
          { "start": { "line": 22, "column": 4 }, "end": { "line": 23, "column": 110 } },
          { "start": { "line": 23, "column": 9 }, "end": { "line": 23, "column": 110 } }
        ]
      }
    },
    "s": {
      "0": 1,
      "1": 1,
      "2": 6,
      "3": 6,
      "4": 1,
      "5": 5,
      "6": 5,
      "7": 4,
      "8": 4,
      "9": 1,
      "10": 3,
      "11": 1,
      "12": 3,
      "13": 2,
      "14": 1,
      "15": 1,
      "16": 2,
      "17": 1
    },
    "f": { "0": 6 },
    "b": { "0": [1], "1": [5], "2": [4, 1], "3": [5, 2], "4": [3, 1], "5": [1], "6": [2], "7": [1, 1] }
  },
  "D:\\game-store-backend\\src\\helpers\\queryHandler\\index.ts": {
    "path": "D:\\game-store-backend\\src\\helpers\\queryHandler\\index.ts",
    "statementMap": {
      "0": { "start": { "line": 3, "column": 0 }, "end": { "line": 3, "column": 9 } },
      "1": { "start": { "line": 51, "column": 9 }, "end": { "line": 3, "column": 54 } }
    },
    "fnMap": {
      "0": {
        "name": "(anonymous_0)",
        "decl": { "start": { "line": 51, "column": 9 }, "end": { "line": 51, "column": 34 } },
        "loc": { "start": { "line": 51, "column": 9 }, "end": { "line": 3, "column": 54 } }
      }
    },
    "branchMap": {},
    "s": { "0": 1, "1": 9 },
    "f": { "0": 8 },
    "b": {}
  },
  "D:\\game-store-backend\\src\\helpers\\queryHandler\\pagination.ts": {
    "path": "D:\\game-store-backend\\src\\helpers\\queryHandler\\pagination.ts",
    "statementMap": {
      "0": { "start": { "line": 8, "column": 38 }, "end": { "line": 35, "column": 1 } },
      "1": { "start": { "line": 9, "column": 33 }, "end": { "line": 20, "column": 4 } },
      "2": { "start": { "line": 22, "column": 2 }, "end": { "line": 22, "column": 48 } },
      "3": { "start": { "line": 22, "column": 37 }, "end": { "line": 22, "column": 48 } },
      "4": { "start": { "line": 24, "column": 2 }, "end": { "line": 27, "column": null } },
      "5": { "start": { "line": 25, "column": 4 }, "end": { "line": 25, "column": 81 } },
      "6": { "start": { "line": 26, "column": 4 }, "end": { "line": 26, "column": 68 } },
      "7": { "start": { "line": 29, "column": 2 }, "end": { "line": 32, "column": null } },
      "8": { "start": { "line": 30, "column": 4 }, "end": { "line": 30, "column": 76 } },
      "9": { "start": { "line": 31, "column": 4 }, "end": { "line": 31, "column": 62 } },
      "10": { "start": { "line": 34, "column": 2 }, "end": { "line": 34, "column": 13 } },
      "11": { "start": { "line": 8, "column": 13 }, "end": { "line": 8, "column": 38 } }
    },
    "fnMap": {
      "0": {
        "name": "(anonymous_0)",
        "decl": { "start": { "line": 8, "column": 38 }, "end": { "line": 8, "column": 39 } },
        "loc": { "start": { "line": 8, "column": 101 }, "end": { "line": 35, "column": 1 } }
      }
    },
    "branchMap": {
      "0": {
        "loc": { "start": { "line": 22, "column": 2 }, "end": { "line": 22, "column": 48 } },
        "type": "if",
        "locations": [{ "start": { "line": 22, "column": 2 }, "end": { "line": 22, "column": 48 } }]
      },
      "1": {
        "loc": { "start": { "line": 24, "column": 2 }, "end": { "line": 27, "column": null } },
        "type": "if",
        "locations": [{ "start": { "line": 24, "column": 2 }, "end": { "line": 27, "column": null } }]
      },
      "2": {
        "loc": { "start": { "line": 25, "column": 43 }, "end": { "line": 25, "column": 80 } },
        "type": "binary-expr",
        "locations": [
          { "start": { "line": 25, "column": 43 }, "end": { "line": 25, "column": 75 } },
          { "start": { "line": 25, "column": 79 }, "end": { "line": 25, "column": 80 } }
        ]
      },
      "3": {
        "loc": { "start": { "line": 26, "column": 30 }, "end": { "line": 26, "column": 67 } },
        "type": "binary-expr",
        "locations": [
          { "start": { "line": 26, "column": 30 }, "end": { "line": 26, "column": 62 } },
          { "start": { "line": 26, "column": 66 }, "end": { "line": 26, "column": 67 } }
        ]
      },
      "4": {
        "loc": { "start": { "line": 29, "column": 2 }, "end": { "line": 32, "column": null } },
        "type": "if",
        "locations": [{ "start": { "line": 29, "column": 2 }, "end": { "line": 32, "column": null } }]
      }
    },
    "s": { "0": 1, "1": 4, "2": 4, "3": 1, "4": 3, "5": 2, "6": 2, "7": 3, "8": 2, "9": 2, "10": 3, "11": 1 },
    "f": { "0": 4 },
    "b": { "0": [1], "1": [2], "2": [2, 0], "3": [2, 0], "4": [2] }
  },
  "D:\\game-store-backend\\src\\helpers\\queryHandler\\product.ts": {
    "path": "D:\\game-store-backend\\src\\helpers\\queryHandler\\product.ts",
    "statementMap": {
      "0": { "start": { "line": 2, "column": 0 }, "end": { "line": 2, "column": 58 } },
      "1": { "start": { "line": 3, "column": 0 }, "end": { "line": 3, "column": 63 } },
      "2": { "start": { "line": 5, "column": 41 }, "end": { "line": 70, "column": 1 } },
      "3": { "start": { "line": 6, "column": 30 }, "end": { "line": 15, "column": 4 } },
      "4": { "start": { "line": 17, "column": 2 }, "end": { "line": 17, "column": 45 } },
      "5": { "start": { "line": 17, "column": 34 }, "end": { "line": 17, "column": 45 } },
      "6": { "start": { "line": 19, "column": 2 }, "end": { "line": 25, "column": null } },
      "7": { "start": { "line": 20, "column": 4 }, "end": { "line": 23, "column": 6 } },
      "8": { "start": { "line": 24, "column": 4 }, "end": { "line": 24, "column": 82 } },
      "9": { "start": { "line": 27, "column": 2 }, "end": { "line": 34, "column": null } },
      "10": { "start": { "line": 28, "column": 4 }, "end": { "line": 33, "column": 103 } },
      "11": { "start": { "line": 29, "column": 6 }, "end": { "line": 31, "column": 8 } },
      "12": { "start": { "line": 32, "column": 6 }, "end": { "line": 32, "column": 85 } },
      "13": { "start": { "line": 33, "column": 11 }, "end": { "line": 33, "column": 103 } },
      "14": { "start": { "line": 36, "column": 2 }, "end": { "line": 52, "column": null } },
      "15": { "start": { "line": 37, "column": 18 }, "end": { "line": 37, "column": 47 } },
      "16": { "start": { "line": 38, "column": 18 }, "end": { "line": 38, "column": 49 } },
      "17": { "start": { "line": 39, "column": 4 }, "end": { "line": 51, "column": 8 } },
      "18": { "start": { "line": 40, "column": 25 }, "end": { "line": 40, "column": 84 } },
      "19": { "start": { "line": 40, "column": 68 }, "end": { "line": 40, "column": 83 } },
      "20": { "start": { "line": 42, "column": 6 }, "end": { "line": 45, "column": 8 } },
      "21": { "start": { "line": 46, "column": 6 }, "end": { "line": 46, "column": 74 } },
      "22": { "start": { "line": 48, "column": 6 }, "end": { "line": 51, "column": 8 } },
      "23": { "start": { "line": 54, "column": 2 }, "end": { "line": 68, "column": null } },
      "24": { "start": { "line": 55, "column": 18 }, "end": { "line": 55, "column": 49 } },
      "25": { "start": { "line": 56, "column": 23 }, "end": { "line": 56, "column": 55 } },
      "26": { "start": { "line": 57, "column": 4 }, "end": { "line": 67, "column": 8 } },
      "27": { "start": { "line": 58, "column": 29 }, "end": { "line": 58, "column": 53 } },
      "28": { "start": { "line": 59, "column": 20 }, "end": { "line": 59, "column": 44 } },
      "29": { "start": { "line": 61, "column": 6 }, "end": { "line": 61, "column": 52 } },
      "30": { "start": { "line": 62, "column": 6 }, "end": { "line": 62, "column": 60 } },
      "31": { "start": { "line": 64, "column": 6 }, "end": { "line": 67, "column": 8 } },
      "32": { "start": { "line": 69, "column": 2 }, "end": { "line": 69, "column": 13 } },
      "33": { "start": { "line": 5, "column": 13 }, "end": { "line": 5, "column": 41 } }
    },
    "fnMap": {
      "0": {
        "name": "(anonymous_0)",
        "decl": { "start": { "line": 5, "column": 41 }, "end": { "line": 5, "column": 42 } },
        "loc": { "start": { "line": 5, "column": 95 }, "end": { "line": 70, "column": 1 } }
      },
      "1": {
        "name": "(anonymous_1)",
        "decl": { "start": { "line": 40, "column": 49 }, "end": { "line": 40, "column": 50 } },
        "loc": { "start": { "line": 40, "column": 68 }, "end": { "line": 40, "column": 83 } }
      }
    },
    "branchMap": {
      "0": {
        "loc": { "start": { "line": 17, "column": 2 }, "end": { "line": 17, "column": 45 } },
        "type": "if",
        "locations": [{ "start": { "line": 17, "column": 2 }, "end": { "line": 17, "column": 45 } }]
      },
      "1": {
        "loc": { "start": { "line": 19, "column": 2 }, "end": { "line": 25, "column": null } },
        "type": "if",
        "locations": [{ "start": { "line": 19, "column": 2 }, "end": { "line": 25, "column": null } }]
      },
      "2": {
        "loc": { "start": { "line": 27, "column": 2 }, "end": { "line": 34, "column": null } },
        "type": "if",
        "locations": [{ "start": { "line": 27, "column": 2 }, "end": { "line": 34, "column": null } }]
      },
      "3": {
        "loc": { "start": { "line": 28, "column": 4 }, "end": { "line": 33, "column": 103 } },
        "type": "if",
        "locations": [
          { "start": { "line": 28, "column": 4 }, "end": { "line": 33, "column": 103 } },
          { "start": { "line": 33, "column": 11 }, "end": { "line": 33, "column": 103 } }
        ]
      },
      "4": {
        "loc": { "start": { "line": 36, "column": 2 }, "end": { "line": 52, "column": null } },
        "type": "if",
        "locations": [{ "start": { "line": 36, "column": 2 }, "end": { "line": 52, "column": null } }]
      },
      "5": {
        "loc": { "start": { "line": 39, "column": 4 }, "end": { "line": 51, "column": 8 } },
        "type": "if",
        "locations": [
          { "start": { "line": 39, "column": 4 }, "end": { "line": 51, "column": 8 } },
          { "start": { "line": 48, "column": 6 }, "end": { "line": 51, "column": 8 } }
        ]
      },
      "6": {
        "loc": { "start": { "line": 43, "column": 14 }, "end": { "line": 43, "column": 34 } },
        "type": "cond-expr",
        "locations": [
          { "start": { "line": 43, "column": 27 }, "end": { "line": 43, "column": 28 } },
          { "start": { "line": 43, "column": 31 }, "end": { "line": 43, "column": 34 } }
        ]
      },
      "7": {
        "loc": { "start": { "line": 46, "column": 47 }, "end": { "line": 46, "column": 67 } },
        "type": "cond-expr",
        "locations": [
          { "start": { "line": 46, "column": 60 }, "end": { "line": 46, "column": 61 } },
          { "start": { "line": 46, "column": 64 }, "end": { "line": 46, "column": 67 } }
        ]
      },
      "8": {
        "loc": { "start": { "line": 54, "column": 2 }, "end": { "line": 68, "column": null } },
        "type": "if",
        "locations": [{ "start": { "line": 54, "column": 2 }, "end": { "line": 68, "column": null } }]
      },
      "9": {
        "loc": { "start": { "line": 57, "column": 4 }, "end": { "line": 67, "column": 8 } },
        "type": "if",
        "locations": [
          { "start": { "line": 57, "column": 4 }, "end": { "line": 67, "column": 8 } },
          { "start": { "line": 64, "column": 6 }, "end": { "line": 67, "column": 8 } }
        ]
      },
      "10": {
        "loc": { "start": { "line": 59, "column": 20 }, "end": { "line": 59, "column": 44 } },
        "type": "cond-expr",
        "locations": [
          { "start": { "line": 59, "column": 38 }, "end": { "line": 59, "column": 40 } },
          { "start": { "line": 59, "column": 43 }, "end": { "line": 59, "column": 44 } }
        ]
      }
    },
    "s": {
      "0": 1,
      "1": 1,
      "2": 1,
      "3": 8,
      "4": 8,
      "5": 1,
      "6": 7,
      "7": 4,
      "8": 4,
      "9": 7,
      "10": 4,
      "11": 3,
      "12": 3,
      "13": 1,
      "14": 6,
      "15": 3,
      "16": 3,
      "17": 3,
      "18": 2,
      "19": 4,
      "20": 2,
      "21": 2,
      "22": 1,
      "23": 5,
      "24": 2,
      "25": 2,
      "26": 2,
      "27": 1,
      "28": 1,
      "29": 1,
      "30": 1,
      "31": 1,
      "32": 4,
      "33": 1
    },
    "f": { "0": 8, "1": 4 },
    "b": {
      "0": [1],
      "1": [4],
      "2": [4],
      "3": [3, 1],
      "4": [3],
      "5": [2, 1],
      "6": [0, 2],
      "7": [0, 2],
      "8": [2],
      "9": [1, 1],
      "10": [1, 0]
    }
  },
  "D:\\game-store-backend\\src\\helpers\\validation\\index.ts": {
    "path": "D:\\game-store-backend\\src\\helpers\\validation\\index.ts",
    "statementMap": {
      "0": { "start": { "line": 1, "column": 0 }, "end": { "line": 1, "column": 9 } },
      "1": { "start": { "line": 7, "column": 26 }, "end": { "line": 1, "column": 42 } },
      "2": { "start": { "line": 2, "column": 0 }, "end": { "line": 2, "column": 9 } },
      "3": { "start": { "line": 7, "column": 9 }, "end": { "line": 2, "column": 44 } },
      "4": { "start": { "line": 3, "column": 0 }, "end": { "line": 3, "column": 9 } },
      "5": { "start": { "line": 7, "column": 42 }, "end": { "line": 3, "column": 57 } },
      "6": { "start": { "line": 4, "column": 0 }, "end": { "line": 4, "column": 9 } },
      "7": { "start": { "line": 7, "column": 67 }, "end": { "line": 4, "column": 56 } },
      "8": { "start": { "line": 5, "column": 0 }, "end": { "line": 5, "column": 9 } },
      "9": { "start": { "line": 7, "column": 88 }, "end": { "line": 5, "column": 52 } }
    },
    "fnMap": {
      "0": {
        "name": "(anonymous_0)",
        "decl": { "start": { "line": 7, "column": 26 }, "end": { "line": 7, "column": 40 } },
        "loc": { "start": { "line": 7, "column": 26 }, "end": { "line": 1, "column": 42 } }
      },
      "1": {
        "name": "(anonymous_1)",
        "decl": { "start": { "line": 7, "column": 9 }, "end": { "line": 7, "column": 24 } },
        "loc": { "start": { "line": 7, "column": 9 }, "end": { "line": 2, "column": 44 } }
      },
      "2": {
        "name": "(anonymous_2)",
        "decl": { "start": { "line": 7, "column": 42 }, "end": { "line": 7, "column": 65 } },
        "loc": { "start": { "line": 7, "column": 42 }, "end": { "line": 3, "column": 57 } }
      },
      "3": {
        "name": "(anonymous_3)",
        "decl": { "start": { "line": 7, "column": 67 }, "end": { "line": 7, "column": 86 } },
        "loc": { "start": { "line": 7, "column": 67 }, "end": { "line": 4, "column": 56 } }
      },
      "4": {
        "name": "(anonymous_4)",
        "decl": { "start": { "line": 7, "column": 88 }, "end": { "line": 7, "column": 103 } },
        "loc": { "start": { "line": 7, "column": 88 }, "end": { "line": 5, "column": 52 } }
      }
    },
    "branchMap": {},
    "s": { "0": 3, "1": 7, "2": 3, "3": 5, "4": 3, "5": 3, "6": 3, "7": 3, "8": 3, "9": 12 },
    "f": { "0": 4, "1": 2, "2": 0, "3": 0, "4": 9 },
    "b": {}
  },
  "D:\\game-store-backend\\src\\helpers\\validation\\product.ts": {
    "path": "D:\\game-store-backend\\src\\helpers\\validation\\product.ts",
    "statementMap": {
      "0": { "start": { "line": 3, "column": 31 }, "end": { "line": 15, "column": 1 } },
      "1": { "start": { "line": 4, "column": 27 }, "end": { "line": 4, "column": 29 } },
      "2": { "start": { "line": 6, "column": 2 }, "end": { "line": 6, "column": 67 } },
      "3": { "start": { "line": 6, "column": 28 }, "end": { "line": 6, "column": 67 } },
      "4": { "start": { "line": 7, "column": 2 }, "end": { "line": 7, "column": 61 } },
      "5": { "start": { "line": 7, "column": 28 }, "end": { "line": 7, "column": 61 } },
      "6": { "start": { "line": 9, "column": 2 }, "end": { "line": 14, "column": null } },
      "7": { "start": { "line": 10, "column": 4 }, "end": { "line": 13, "column": 6 } },
      "8": { "start": { "line": 3, "column": 13 }, "end": { "line": 3, "column": 31 } }
    },
    "fnMap": {
      "0": {
        "name": "(anonymous_0)",
        "decl": { "start": { "line": 3, "column": 31 }, "end": { "line": 3, "column": 32 } },
        "loc": { "start": { "line": 3, "column": 59 }, "end": { "line": 15, "column": 1 } }
      }
    },
    "branchMap": {
      "0": {
        "loc": { "start": { "line": 6, "column": 2 }, "end": { "line": 6, "column": 67 } },
        "type": "if",
        "locations": [{ "start": { "line": 6, "column": 2 }, "end": { "line": 6, "column": 67 } }]
      },
      "1": {
        "loc": { "start": { "line": 7, "column": 2 }, "end": { "line": 7, "column": 61 } },
        "type": "if",
        "locations": [{ "start": { "line": 7, "column": 2 }, "end": { "line": 7, "column": 61 } }]
      },
      "2": {
        "loc": { "start": { "line": 9, "column": 2 }, "end": { "line": 14, "column": null } },
        "type": "if",
        "locations": [{ "start": { "line": 9, "column": 2 }, "end": { "line": 14, "column": null } }]
      }
    },
    "s": { "0": 3, "1": 2, "2": 2, "3": 1, "4": 2, "5": 0, "6": 2, "7": 1, "8": 3 },
    "f": { "0": 2 },
    "b": { "0": [1], "1": [0], "2": [1] }
  },
  "D:\\game-store-backend\\src\\helpers\\validation\\rating.ts": {
    "path": "D:\\game-store-backend\\src\\helpers\\validation\\rating.ts",
    "statementMap": {
      "0": { "start": { "line": 1, "column": 30 }, "end": { "line": 14, "column": 1 } },
      "1": { "start": { "line": 2, "column": 27 }, "end": { "line": 2, "column": 29 } },
      "2": { "start": { "line": 3, "column": 2 }, "end": { "line": 6, "column": 43 } },
      "3": { "start": { "line": 4, "column": 4 }, "end": { "line": 4, "column": 57 } },
      "4": { "start": { "line": 4, "column": 23 }, "end": { "line": 4, "column": 57 } },
      "5": { "start": { "line": 5, "column": 4 }, "end": { "line": 5, "column": 94 } },
      "6": { "start": { "line": 5, "column": 35 }, "end": { "line": 5, "column": 94 } },
      "7": { "start": { "line": 6, "column": 9 }, "end": { "line": 6, "column": 43 } },
      "8": { "start": { "line": 8, "column": 2 }, "end": { "line": 13, "column": null } },
      "9": { "start": { "line": 9, "column": 4 }, "end": { "line": 12, "column": 6 } },
      "10": { "start": { "line": 1, "column": 13 }, "end": { "line": 1, "column": 30 } }
    },
    "fnMap": {
      "0": {
        "name": "(anonymous_0)",
        "decl": { "start": { "line": 1, "column": 30 }, "end": { "line": 1, "column": 31 } },
        "loc": { "start": { "line": 1, "column": 56 }, "end": { "line": 14, "column": 1 } }
      }
    },
    "branchMap": {
      "0": {
        "loc": { "start": { "line": 3, "column": 2 }, "end": { "line": 6, "column": 43 } },
        "type": "if",
        "locations": [
          { "start": { "line": 3, "column": 2 }, "end": { "line": 6, "column": 43 } },
          { "start": { "line": 6, "column": 9 }, "end": { "line": 6, "column": 43 } }
        ]
      },
      "1": {
        "loc": { "start": { "line": 4, "column": 4 }, "end": { "line": 4, "column": 57 } },
        "type": "if",
        "locations": [{ "start": { "line": 4, "column": 4 }, "end": { "line": 4, "column": 57 } }]
      },
      "2": {
        "loc": { "start": { "line": 5, "column": 4 }, "end": { "line": 5, "column": 94 } },
        "type": "if",
        "locations": [{ "start": { "line": 5, "column": 4 }, "end": { "line": 5, "column": 94 } }]
      },
      "3": {
        "loc": { "start": { "line": 5, "column": 8 }, "end": { "line": 5, "column": 33 } },
        "type": "binary-expr",
        "locations": [
          { "start": { "line": 5, "column": 8 }, "end": { "line": 5, "column": 18 } },
          { "start": { "line": 5, "column": 22 }, "end": { "line": 5, "column": 33 } }
        ]
      },
      "4": {
        "loc": { "start": { "line": 8, "column": 2 }, "end": { "line": 13, "column": null } },
        "type": "if",
        "locations": [{ "start": { "line": 8, "column": 2 }, "end": { "line": 13, "column": null } }]
      }
    },
    "s": { "0": 3, "1": 4, "2": 4, "3": 3, "4": 0, "5": 3, "6": 2, "7": 1, "8": 4, "9": 3, "10": 3 },
    "f": { "0": 4 },
    "b": { "0": [3, 1], "1": [0], "2": [2], "3": [3, 2], "4": [3] }
  },
  "D:\\game-store-backend\\src\\helpers\\validation\\account\\account.ts": {
    "path": "D:\\game-store-backend\\src\\helpers\\validation\\account\\account.ts",
    "statementMap": {
      "0": { "start": { "line": 1, "column": 0 }, "end": { "line": 1, "column": 51 } },
      "1": { "start": { "line": 10, "column": 31 }, "end": { "line": 30, "column": 1 } },
      "2": { "start": { "line": 11, "column": 27 }, "end": { "line": 11, "column": 29 } },
      "3": { "start": { "line": 13, "column": 2 }, "end": { "line": 13, "column": 58 } },
      "4": { "start": { "line": 13, "column": 22 }, "end": { "line": 13, "column": 58 } },
      "5": { "start": { "line": 15, "column": 2 }, "end": { "line": 19, "column": null } },
      "6": { "start": { "line": 15, "column": 22 }, "end": { "line": 15, "column": 58 } },
      "7": { "start": { "line": 17, "column": 18 }, "end": { "line": 17, "column": 46 } },
      "8": { "start": { "line": 18, "column": 4 }, "end": { "line": 18, "column": 34 } },
      "9": { "start": { "line": 18, "column": 15 }, "end": { "line": 18, "column": 34 } },
      "10": { "start": { "line": 21, "column": 2 }, "end": { "line": 21, "column": 60 } },
      "11": { "start": { "line": 21, "column": 23 }, "end": { "line": 21, "column": 60 } },
      "12": { "start": { "line": 22, "column": 2 }, "end": { "line": 22, "column": 58 } },
      "13": { "start": { "line": 22, "column": 22 }, "end": { "line": 22, "column": 58 } },
      "14": { "start": { "line": 24, "column": 2 }, "end": { "line": 29, "column": null } },
      "15": { "start": { "line": 25, "column": 4 }, "end": { "line": 28, "column": 6 } },
      "16": { "start": { "line": 10, "column": 13 }, "end": { "line": 10, "column": 31 } }
    },
    "fnMap": {
      "0": {
        "name": "(anonymous_0)",
        "decl": { "start": { "line": 10, "column": 31 }, "end": { "line": 10, "column": 32 } },
        "loc": { "start": { "line": 10, "column": 65 }, "end": { "line": 30, "column": 1 } }
      }
    },
    "branchMap": {
      "0": {
        "loc": { "start": { "line": 13, "column": 2 }, "end": { "line": 13, "column": 58 } },
        "type": "if",
        "locations": [{ "start": { "line": 13, "column": 2 }, "end": { "line": 13, "column": 58 } }]
      },
      "1": {
        "loc": { "start": { "line": 15, "column": 2 }, "end": { "line": 19, "column": null } },
        "type": "if",
        "locations": [
          { "start": { "line": 15, "column": 2 }, "end": { "line": 19, "column": null } },
          { "start": { "line": 16, "column": 7 }, "end": { "line": 19, "column": null } }
        ]
      },
      "2": {
        "loc": { "start": { "line": 18, "column": 4 }, "end": { "line": 18, "column": 34 } },
        "type": "if",
        "locations": [{ "start": { "line": 18, "column": 4 }, "end": { "line": 18, "column": 34 } }]
      },
      "3": {
        "loc": { "start": { "line": 21, "column": 2 }, "end": { "line": 21, "column": 60 } },
        "type": "if",
        "locations": [{ "start": { "line": 21, "column": 2 }, "end": { "line": 21, "column": 60 } }]
      },
      "4": {
        "loc": { "start": { "line": 22, "column": 2 }, "end": { "line": 22, "column": 58 } },
        "type": "if",
        "locations": [{ "start": { "line": 22, "column": 2 }, "end": { "line": 22, "column": 58 } }]
      },
      "5": {
        "loc": { "start": { "line": 24, "column": 2 }, "end": { "line": 29, "column": null } },
        "type": "if",
        "locations": [{ "start": { "line": 24, "column": 2 }, "end": { "line": 29, "column": null } }]
      }
    },
    "s": {
      "0": 3,
      "1": 3,
      "2": 9,
      "3": 9,
      "4": 1,
      "5": 9,
      "6": 1,
      "7": 8,
      "8": 8,
      "9": 7,
      "10": 9,
      "11": 1,
      "12": 9,
      "13": 1,
      "14": 9,
      "15": 8,
      "16": 3
    },
    "f": { "0": 9 },
    "b": { "0": [1], "1": [1, 8], "2": [7], "3": [1], "4": [1], "5": [8] }
  },
  "D:\\game-store-backend\\src\\helpers\\validation\\account\\auth.ts": {
    "path": "D:\\game-store-backend\\src\\helpers\\validation\\account\\auth.ts",
    "statementMap": {
      "0": { "start": { "line": 1, "column": 0 }, "end": { "line": 1, "column": 51 } },
      "1": { "start": { "line": 8, "column": 39 }, "end": { "line": 24, "column": 1 } },
      "2": { "start": { "line": 9, "column": 27 }, "end": { "line": 9, "column": 29 } },
      "3": { "start": { "line": 11, "column": 2 }, "end": { "line": 11, "column": 58 } },
      "4": { "start": { "line": 11, "column": 22 }, "end": { "line": 11, "column": 58 } },
      "5": { "start": { "line": 12, "column": 2 }, "end": { "line": 16, "column": null } },
      "6": { "start": { "line": 12, "column": 22 }, "end": { "line": 12, "column": 58 } },
      "7": { "start": { "line": 14, "column": 18 }, "end": { "line": 14, "column": 46 } },
      "8": { "start": { "line": 15, "column": 4 }, "end": { "line": 15, "column": 34 } },
      "9": { "start": { "line": 15, "column": 15 }, "end": { "line": 15, "column": 34 } },
      "10": { "start": { "line": 18, "column": 2 }, "end": { "line": 23, "column": null } },
      "11": { "start": { "line": 19, "column": 4 }, "end": { "line": 22, "column": 6 } },
      "12": { "start": { "line": 8, "column": 13 }, "end": { "line": 8, "column": 39 } }
    },
    "fnMap": {
      "0": {
        "name": "(anonymous_0)",
        "decl": { "start": { "line": 8, "column": 39 }, "end": { "line": 8, "column": 40 } },
        "loc": { "start": { "line": 8, "column": 73 }, "end": { "line": 24, "column": 1 } }
      }
    },
    "branchMap": {
      "0": {
        "loc": { "start": { "line": 11, "column": 2 }, "end": { "line": 11, "column": 58 } },
        "type": "if",
        "locations": [{ "start": { "line": 11, "column": 2 }, "end": { "line": 11, "column": 58 } }]
      },
      "1": {
        "loc": { "start": { "line": 12, "column": 2 }, "end": { "line": 16, "column": null } },
        "type": "if",
        "locations": [
          { "start": { "line": 12, "column": 2 }, "end": { "line": 16, "column": null } },
          { "start": { "line": 13, "column": 7 }, "end": { "line": 16, "column": null } }
        ]
      },
      "2": {
        "loc": { "start": { "line": 15, "column": 4 }, "end": { "line": 15, "column": 34 } },
        "type": "if",
        "locations": [{ "start": { "line": 15, "column": 4 }, "end": { "line": 15, "column": 34 } }]
      },
      "3": {
        "loc": { "start": { "line": 18, "column": 2 }, "end": { "line": 23, "column": null } },
        "type": "if",
        "locations": [{ "start": { "line": 18, "column": 2 }, "end": { "line": 23, "column": null } }]
      }
    },
    "s": { "0": 3, "1": 3, "2": 0, "3": 0, "4": 0, "5": 0, "6": 0, "7": 0, "8": 0, "9": 0, "10": 0, "11": 0, "12": 3 },
    "f": { "0": 0 },
    "b": { "0": [0], "1": [0, 0], "2": [0], "3": [0] }
  },
  "D:\\game-store-backend\\src\\helpers\\validation\\account\\profile.ts": {
    "path": "D:\\game-store-backend\\src\\helpers\\validation\\account\\profile.ts",
    "statementMap": {
      "0": { "start": { "line": 7, "column": 35 }, "end": { "line": 20, "column": 1 } },
      "1": { "start": { "line": 8, "column": 27 }, "end": { "line": 8, "column": 29 } },
      "2": { "start": { "line": 10, "column": 2 }, "end": { "line": 10, "column": 58 } },
      "3": { "start": { "line": 10, "column": 22 }, "end": { "line": 10, "column": 58 } },
      "4": { "start": { "line": 11, "column": 2 }, "end": { "line": 11, "column": 60 } },
      "5": { "start": { "line": 11, "column": 23 }, "end": { "line": 11, "column": 60 } },
      "6": { "start": { "line": 12, "column": 2 }, "end": { "line": 12, "column": 58 } },
      "7": { "start": { "line": 12, "column": 22 }, "end": { "line": 12, "column": 58 } },
      "8": { "start": { "line": 14, "column": 2 }, "end": { "line": 19, "column": null } },
      "9": { "start": { "line": 15, "column": 4 }, "end": { "line": 18, "column": 6 } },
      "10": { "start": { "line": 7, "column": 13 }, "end": { "line": 7, "column": 35 } }
    },
    "fnMap": {
      "0": {
        "name": "(anonymous_0)",
        "decl": { "start": { "line": 7, "column": 35 }, "end": { "line": 7, "column": 36 } },
        "loc": { "start": { "line": 7, "column": 72 }, "end": { "line": 20, "column": 1 } }
      }
    },
    "branchMap": {
      "0": {
        "loc": { "start": { "line": 10, "column": 2 }, "end": { "line": 10, "column": 58 } },
        "type": "if",
        "locations": [{ "start": { "line": 10, "column": 2 }, "end": { "line": 10, "column": 58 } }]
      },
      "1": {
        "loc": { "start": { "line": 11, "column": 2 }, "end": { "line": 11, "column": 60 } },
        "type": "if",
        "locations": [{ "start": { "line": 11, "column": 2 }, "end": { "line": 11, "column": 60 } }]
      },
      "2": {
        "loc": { "start": { "line": 12, "column": 2 }, "end": { "line": 12, "column": 58 } },
        "type": "if",
        "locations": [{ "start": { "line": 12, "column": 2 }, "end": { "line": 12, "column": 58 } }]
      },
      "3": {
        "loc": { "start": { "line": 14, "column": 2 }, "end": { "line": 19, "column": null } },
        "type": "if",
        "locations": [{ "start": { "line": 14, "column": 2 }, "end": { "line": 19, "column": null } }]
      }
    },
    "s": { "0": 3, "1": 0, "2": 0, "3": 0, "4": 0, "5": 0, "6": 0, "7": 0, "8": 0, "9": 0, "10": 3 },
    "f": { "0": 0 },
    "b": { "0": [0], "1": [0], "2": [0], "3": [0] }
  },
  "D:\\game-store-backend\\src\\helpers\\validation\\fields\\password.ts": {
    "path": "D:\\game-store-backend\\src\\helpers\\validation\\fields\\password.ts",
    "statementMap": {
      "0": { "start": { "line": 1, "column": 29 }, "end": { "line": 10, "column": 1 } },
      "1": { "start": { "line": 2, "column": 2 }, "end": { "line": 2, "column": 61 } },
      "2": { "start": { "line": 2, "column": 27 }, "end": { "line": 2, "column": 61 } },
      "3": { "start": { "line": 4, "column": 16 }, "end": { "line": 4, "column": 83 } },
      "4": { "start": { "line": 5, "column": 16 }, "end": { "line": 5, "column": 48 } },
      "5": { "start": { "line": 6, "column": 2 }, "end": { "line": 7, "column": 128 } },
      "6": { "start": { "line": 7, "column": 4 }, "end": { "line": 7, "column": 128 } },
      "7": { "start": { "line": 9, "column": 2 }, "end": { "line": 9, "column": 12 } },
      "8": { "start": { "line": 1, "column": 13 }, "end": { "line": 1, "column": 29 } }
    },
    "fnMap": {
      "0": {
        "name": "(anonymous_0)",
        "decl": { "start": { "line": 1, "column": 29 }, "end": { "line": 1, "column": 30 } },
        "loc": { "start": { "line": 1, "column": 58 }, "end": { "line": 10, "column": 1 } }
      }
    },
    "branchMap": {
      "0": {
        "loc": { "start": { "line": 2, "column": 2 }, "end": { "line": 2, "column": 61 } },
        "type": "if",
        "locations": [{ "start": { "line": 2, "column": 2 }, "end": { "line": 2, "column": 61 } }]
      },
      "1": {
        "loc": { "start": { "line": 6, "column": 2 }, "end": { "line": 7, "column": 128 } },
        "type": "if",
        "locations": [{ "start": { "line": 6, "column": 2 }, "end": { "line": 7, "column": 128 } }]
      }
    },
    "s": { "0": 3, "1": 8, "2": 1, "3": 7, "4": 7, "5": 7, "6": 6, "7": 1, "8": 3 },
    "f": { "0": 8 },
    "b": { "0": [1], "1": [6] }
  },
  "D:\\game-store-backend\\src\\middlewares\\errorHandler.ts": {
    "path": "D:\\game-store-backend\\src\\middlewares\\errorHandler.ts",
    "statementMap": {
      "0": { "start": { "line": 3, "column": 0 }, "end": { "line": 3, "column": 39 } },
      "1": { "start": { "line": 7, "column": 4 }, "end": { "line": 7, "column": 19 } },
      "2": { "start": { "line": 8, "column": 4 }, "end": { "line": 8, "column": 25 } },
      "3": { "start": { "line": 5, "column": 0 }, "end": { "line": 5, "column": 13 } },
      "4": { "start": { "line": 14, "column": 28 }, "end": { "line": 20, "column": 1 } },
      "5": { "start": { "line": 15, "column": 2 }, "end": { "line": 18, "column": 5 } },
      "6": { "start": { "line": 19, "column": 2 }, "end": { "line": 19, "column": 61 } },
      "7": { "start": { "line": 14, "column": 13 }, "end": { "line": 14, "column": 28 } }
    },
    "fnMap": {
      "0": {
        "name": "(anonymous_1)",
        "decl": { "start": { "line": 6, "column": 2 }, "end": { "line": 6, "column": 14 } },
        "loc": { "start": { "line": 6, "column": 45 }, "end": { "line": 9, "column": 3 } }
      },
      "1": {
        "name": "(anonymous_2)",
        "decl": { "start": { "line": 14, "column": 28 }, "end": { "line": 14, "column": 29 } },
        "loc": { "start": { "line": 14, "column": 106 }, "end": { "line": 20, "column": 1 } }
      }
    },
    "branchMap": {
      "0": {
        "loc": { "start": { "line": 19, "column": 13 }, "end": { "line": 19, "column": 30 } },
        "type": "binary-expr",
        "locations": [
          { "start": { "line": 19, "column": 13 }, "end": { "line": 19, "column": 23 } },
          { "start": { "line": 19, "column": 27 }, "end": { "line": 19, "column": 30 } }
        ]
      }
    },
    "s": { "0": 2, "1": 5, "2": 5, "3": 2, "4": 2, "5": 0, "6": 0, "7": 2 },
    "f": { "0": 5, "1": 0 },
    "b": { "0": [0, 0] }
  }
}
