{
  "D:\\game-store-backend\\src\\DA\\index.ts": {
    "path": "D:\\game-store-backend\\src\\DA\\index.ts",
    "statementMap": {
      "0": { "start": { "line": 2, "column": 0 }, "end": { "line": 2, "column": 46 } },
      "1": { "start": { "line": 3, "column": 0 }, "end": { "line": 3, "column": 52 } },
      "2": { "start": { "line": 4, "column": 0 }, "end": { "line": 4, "column": 91 } },
      "3": { "start": { "line": 5, "column": 0 }, "end": { "line": 5, "column": 87 } },
      "4": { "start": { "line": 6, "column": 0 }, "end": { "line": 6, "column": 94 } },
      "5": { "start": { "line": 7, "column": 0 }, "end": { "line": 7, "column": 90 } },
      "6": { "start": { "line": 8, "column": 0 }, "end": { "line": 8, "column": 101 } },
      "7": { "start": { "line": 9, "column": 0 }, "end": { "line": 9, "column": 97 } },
      "8": { "start": { "line": 10, "column": 0 }, "end": { "line": 10, "column": 91 } },
      "9": { "start": { "line": 11, "column": 0 }, "end": { "line": 11, "column": 87 } },
      "10": { "start": { "line": 38, "column": 19 }, "end": { "line": 38, "column": 36 } },
      "11": { "start": { "line": 38, "column": 38 }, "end": { "line": 38, "column": 56 } },
      "12": { "start": { "line": 38, "column": 58 }, "end": { "line": 38, "column": 75 } },
      "13": { "start": { "line": 38, "column": 77 }, "end": { "line": 38, "column": 97 } },
      "14": { "start": { "line": 18, "column": 17 }, "end": { "line": 20, "column": 2 } },
      "15": { "start": { "line": 38, "column": 9 }, "end": { "line": 38, "column": 17 } },
      "16": { "start": { "line": 23, "column": 2 }, "end": { "line": 35, "column": null } },
      "17": { "start": { "line": 24, "column": 4 }, "end": { "line": 24, "column": 30 } },
      "18": { "start": { "line": 25, "column": 4 }, "end": { "line": 25, "column": 55 } },
      "19": { "start": { "line": 26, "column": 4 }, "end": { "line": 26, "column": 57 } },
      "20": { "start": { "line": 27, "column": 4 }, "end": { "line": 27, "column": 55 } },
      "21": { "start": { "line": 28, "column": 4 }, "end": { "line": 28, "column": 61 } },
      "22": { "start": { "line": 29, "column": 9 }, "end": { "line": 35, "column": null } },
      "23": { "start": { "line": 30, "column": 4 }, "end": { "line": 30, "column": 27 } },
      "24": { "start": { "line": 31, "column": 4 }, "end": { "line": 31, "column": 57 } },
      "25": { "start": { "line": 32, "column": 4 }, "end": { "line": 32, "column": 59 } },
      "26": { "start": { "line": 33, "column": 4 }, "end": { "line": 33, "column": 57 } },
      "27": { "start": { "line": 34, "column": 4 }, "end": { "line": 34, "column": 63 } }
    },
    "fnMap": {
      "0": {
        "name": "connect",
        "decl": { "start": { "line": 22, "column": 15 }, "end": { "line": 22, "column": 22 } },
        "loc": { "start": { "line": 22, "column": 22 }, "end": { "line": 36, "column": null } }
      }
    },
    "branchMap": {
      "0": {
        "loc": { "start": { "line": 23, "column": 2 }, "end": { "line": 35, "column": null } },
        "type": "if",
        "locations": [
          { "start": { "line": 23, "column": 2 }, "end": { "line": 35, "column": null } },
          { "start": { "line": 29, "column": 9 }, "end": { "line": 35, "column": null } }
        ]
      },
      "1": {
        "loc": { "start": { "line": 29, "column": 9 }, "end": { "line": 35, "column": null } },
        "type": "if",
        "locations": [{ "start": { "line": 29, "column": 9 }, "end": { "line": 35, "column": null } }]
      }
    },
    "s": {
      "0": 2,
      "1": 2,
      "2": 2,
      "3": 2,
      "4": 2,
      "5": 2,
      "6": 2,
      "7": 2,
      "8": 2,
      "9": 2,
      "10": 2,
      "11": 2,
      "12": 2,
      "13": 2,
      "14": 2,
      "15": 2,
      "16": 0,
      "17": 0,
      "18": 0,
      "19": 0,
      "20": 0,
      "21": 0,
      "22": 0,
      "23": 0,
      "24": 0,
      "25": 0,
      "26": 0,
      "27": 0
    },
    "f": { "0": 0 },
    "b": { "0": [0, 0], "1": [0] }
  },
  "D:\\game-store-backend\\src\\DA\\db\\mongodb\\index.ts": {
    "path": "D:\\game-store-backend\\src\\DA\\db\\mongodb\\index.ts",
    "statementMap": {
      "0": { "start": { "line": 1, "column": 0 }, "end": { "line": 1, "column": 32 } },
      "1": { "start": { "line": 3, "column": 0 }, "end": { "line": 3, "column": 50 } },
      "2": { "start": { "line": 4, "column": 0 }, "end": { "line": 4, "column": 48 } },
      "3": { "start": { "line": 5, "column": 0 }, "end": { "line": 5, "column": 45 } },
      "4": { "start": { "line": 6, "column": 0 }, "end": { "line": 6, "column": 48 } },
      "5": { "start": { "line": 7, "column": 0 }, "end": { "line": 7, "column": 49 } },
      "6": { "start": { "line": 9, "column": 30 }, "end": { "line": 43, "column": 1 } },
      "7": { "start": { "line": 10, "column": 35 }, "end": { "line": 10, "column": 78 } },
      "8": { "start": { "line": 12, "column": 2 }, "end": { "line": 14, "column": null } },
      "9": { "start": { "line": 13, "column": 4 }, "end": { "line": 13, "column": 32 } },
      "10": { "start": { "line": 16, "column": 2 }, "end": { "line": 42, "column": null } },
      "11": { "start": { "line": 17, "column": 4 }, "end": { "line": 22, "column": 7 } },
      "12": { "start": { "line": 23, "column": 15 }, "end": { "line": 23, "column": 34 } },
      "13": { "start": { "line": 24, "column": 4 }, "end": { "line": 29, "column": 7 } },
      "14": { "start": { "line": 25, "column": 6 }, "end": { "line": 28, "column": 9 } },
      "15": { "start": { "line": 30, "column": 4 }, "end": { "line": 36, "column": 7 } },
      "16": { "start": { "line": 31, "column": 6 }, "end": { "line": 34, "column": 9 } },
      "17": { "start": { "line": 35, "column": 6 }, "end": { "line": 35, "column": 13 } },
      "18": { "start": { "line": 38, "column": 4 }, "end": { "line": 41, "column": 7 } },
      "19": { "start": { "line": 9, "column": 13 }, "end": { "line": 9, "column": 30 } },
      "20": { "start": { "line": 46, "column": 2 }, "end": { "line": 104, "column": 5 } },
      "21": { "start": { "line": 46, "column": 62 }, "end": { "line": 104, "column": 4 } },
      "22": { "start": { "line": 47, "column": 4 }, "end": { "line": 103, "column": null } },
      "23": { "start": { "line": 48, "column": 6 }, "end": { "line": 51, "column": 9 } },
      "24": { "start": { "line": 53, "column": 22 }, "end": { "line": 53, "column": 67 } },
      "25": { "start": { "line": 54, "column": 21 }, "end": { "line": 54, "column": 65 } },
      "26": { "start": { "line": 55, "column": 20 }, "end": { "line": 55, "column": 63 } },
      "27": { "start": { "line": 57, "column": 6 }, "end": { "line": 57, "column": 27 } },
      "28": { "start": { "line": 58, "column": 6 }, "end": { "line": 58, "column": 26 } },
      "29": { "start": { "line": 59, "column": 6 }, "end": { "line": 59, "column": 25 } },
      "30": { "start": { "line": 61, "column": 6 }, "end": { "line": 66, "column": 16 } },
      "31": { "start": { "line": 68, "column": 6 }, "end": { "line": 73, "column": 16 } },
      "32": { "start": { "line": 75, "column": 6 }, "end": { "line": 80, "column": 16 } },
      "33": { "start": { "line": 82, "column": 6 }, "end": { "line": 87, "column": 16 } },
      "34": { "start": { "line": 90, "column": 23 }, "end": { "line": 90, "column": 49 } },
      "35": { "start": { "line": 91, "column": 6 }, "end": { "line": 97, "column": 16 } },
      "36": { "start": { "line": 99, "column": 6 }, "end": { "line": 102, "column": 9 } }
    },
    "fnMap": {
      "0": {
        "name": "(anonymous_8)",
        "decl": { "start": { "line": 9, "column": 30 }, "end": { "line": 9, "column": 39 } },
        "loc": { "start": { "line": 9, "column": 41 }, "end": { "line": 43, "column": 1 } }
      },
      "1": {
        "name": "(anonymous_9)",
        "decl": { "start": { "line": 24, "column": 19 }, "end": { "line": 24, "column": 20 } },
        "loc": { "start": { "line": 24, "column": 27 }, "end": { "line": 29, "column": 5 } }
      },
      "2": {
        "name": "(anonymous_10)",
        "decl": { "start": { "line": 30, "column": 20 }, "end": { "line": 30, "column": 23 } },
        "loc": { "start": { "line": 30, "column": 25 }, "end": { "line": 36, "column": 5 } }
      },
      "3": {
        "name": "init",
        "decl": { "start": { "line": 45, "column": 9 }, "end": { "line": 45, "column": 13 } },
        "loc": { "start": { "line": 45, "column": 13 }, "end": { "line": 105, "column": 1 } }
      },
      "4": {
        "name": "(anonymous_12)",
        "decl": { "start": { "line": 46, "column": 28 }, "end": { "line": 46, "column": 35 } },
        "loc": { "start": { "line": 46, "column": 62 }, "end": { "line": 104, "column": 4 } }
      },
      "5": {
        "name": "(anonymous_13)",
        "decl": { "start": { "line": 46, "column": 62 }, "end": { "line": 46, "column": null } },
        "loc": { "start": { "line": 46, "column": 62 }, "end": { "line": 104, "column": 3 } }
      }
    },
    "branchMap": {
      "0": {
        "loc": { "start": { "line": 10, "column": 35 }, "end": { "line": 10, "column": 78 } },
        "type": "binary-expr",
        "locations": [
          { "start": { "line": 10, "column": 35 }, "end": { "line": 10, "column": 72 } },
          { "start": { "line": 10, "column": 76 }, "end": { "line": 10, "column": 78 } }
        ]
      },
      "1": {
        "loc": { "start": { "line": 12, "column": 2 }, "end": { "line": 14, "column": null } },
        "type": "if",
        "locations": [{ "start": { "line": 12, "column": 2 }, "end": { "line": 14, "column": null } }]
      },
      "2": {
        "loc": { "start": { "line": 16, "column": 2 }, "end": { "line": 42, "column": null } },
        "type": "if",
        "locations": [
          { "start": { "line": 16, "column": 2 }, "end": { "line": 42, "column": null } },
          { "start": { "line": 37, "column": 9 }, "end": { "line": 42, "column": null } }
        ]
      },
      "3": {
        "loc": { "start": { "line": 47, "column": 4 }, "end": { "line": 103, "column": null } },
        "type": "if",
        "locations": [{ "start": { "line": 47, "column": 4 }, "end": { "line": 103, "column": null } }]
      }
    },
    "s": {
      "0": 2,
      "1": 2,
      "2": 2,
      "3": 2,
      "4": 2,
      "5": 2,
      "6": 2,
      "7": 0,
      "8": 0,
      "9": 0,
      "10": 0,
      "11": 0,
      "12": 0,
      "13": 0,
      "14": 0,
      "15": 0,
      "16": 0,
      "17": 0,
      "18": 0,
      "19": 2,
      "20": 0,
      "21": 0,
      "22": 0,
      "23": 0,
      "24": 0,
      "25": 0,
      "26": 0,
      "27": 0,
      "28": 0,
      "29": 0,
      "30": 0,
      "31": 0,
      "32": 0,
      "33": 0,
      "34": 0,
      "35": 0,
      "36": 0
    },
    "f": { "0": 0, "1": 0, "2": 0, "3": 0, "4": 0, "5": 0 },
    "b": { "0": [0, 0], "1": [0], "2": [0, 0], "3": [0] }
  },
  "D:\\game-store-backend\\src\\DA\\db\\mongodb\\models\\account.ts": {
    "path": "D:\\game-store-backend\\src\\DA\\db\\mongodb\\models\\account.ts",
    "statementMap": {
      "0": { "start": { "line": 1, "column": 0 }, "end": { "line": 1, "column": 69 } },
      "1": { "start": { "line": 5, "column": 0 }, "end": { "line": 20, "column": null } },
      "2": { "start": { "line": 7, "column": 2 }, "end": { "line": 7, "column": null } },
      "3": { "start": { "line": 10, "column": 2 }, "end": { "line": 10, "column": null } },
      "4": { "start": { "line": 13, "column": 2 }, "end": { "line": 13, "column": null } },
      "5": { "start": { "line": 16, "column": 2 }, "end": { "line": 16, "column": null } },
      "6": { "start": { "line": 19, "column": 2 }, "end": { "line": 19, "column": null } },
      "7": { "start": { "line": 5, "column": 13 }, "end": { "line": 20, "column": null } },
      "8": { "start": { "line": 5, "column": 13 }, "end": { "line": 5, "column": 20 } },
      "9": { "start": { "line": 22, "column": 13 }, "end": { "line": 22, "column": 54 } }
    },
    "fnMap": {},
    "branchMap": {},
    "s": { "0": 2, "1": 2, "2": 2, "3": 2, "4": 2, "5": 2, "6": 2, "7": 2, "8": 2, "9": 2 },
    "f": {},
    "b": {}
  },
  "D:\\game-store-backend\\src\\DA\\db\\mongodb\\models\\category.ts": {
    "path": "D:\\game-store-backend\\src\\DA\\db\\mongodb\\models\\category.ts",
    "statementMap": {
      "0": { "start": { "line": 1, "column": 0 }, "end": { "line": 1, "column": 98 } },
      "1": { "start": { "line": 6, "column": 0 }, "end": { "line": 12, "column": null } },
      "2": { "start": { "line": 8, "column": 2 }, "end": { "line": 8, "column": null } },
      "3": { "start": { "line": 11, "column": 2 }, "end": { "line": 11, "column": null } },
      "4": { "start": { "line": 6, "column": 13 }, "end": { "line": 12, "column": null } },
      "5": { "start": { "line": 6, "column": 13 }, "end": { "line": 6, "column": 21 } },
      "6": { "start": { "line": 14, "column": 13 }, "end": { "line": 14, "column": 56 } }
    },
    "fnMap": {},
    "branchMap": {},
    "s": { "0": 2, "1": 2, "2": 2, "3": 2, "4": 2, "5": 2, "6": 2 },
    "f": {},
    "b": {}
  },
  "D:\\game-store-backend\\src\\DA\\db\\mongodb\\models\\lastRating.ts": {
    "path": "D:\\game-store-backend\\src\\DA\\db\\mongodb\\models\\lastRating.ts",
    "statementMap": {
      "0": { "start": { "line": 1, "column": 0 }, "end": { "line": 1, "column": 74 } },
      "1": { "start": { "line": 5, "column": 0 }, "end": { "line": 17, "column": null } },
      "2": { "start": { "line": 7, "column": 2 }, "end": { "line": 7, "column": null } },
      "3": { "start": { "line": 10, "column": 2 }, "end": { "line": 10, "column": null } },
      "4": { "start": { "line": 13, "column": 2 }, "end": { "line": 13, "column": null } },
      "5": { "start": { "line": 16, "column": 2 }, "end": { "line": 16, "column": null } },
      "6": { "start": { "line": 5, "column": 13 }, "end": { "line": 17, "column": null } },
      "7": { "start": { "line": 5, "column": 13 }, "end": { "line": 5, "column": 23 } },
      "8": { "start": { "line": 19, "column": 13 }, "end": { "line": 19, "column": 60 } }
    },
    "fnMap": {},
    "branchMap": {},
    "s": { "0": 2, "1": 2, "2": 2, "3": 2, "4": 2, "5": 2, "6": 2, "7": 2, "8": 2 },
    "f": {},
    "b": {}
  },
  "D:\\game-store-backend\\src\\DA\\db\\mongodb\\models\\product.ts": {
    "path": "D:\\game-store-backend\\src\\DA\\db\\mongodb\\models\\product.ts",
    "statementMap": {
      "0": { "start": { "line": 1, "column": 0 }, "end": { "line": 1, "column": 98 } },
      "1": { "start": { "line": 2, "column": 0 }, "end": { "line": 2, "column": 71 } },
      "2": { "start": { "line": 8, "column": 0 }, "end": { "line": 26, "column": null } },
      "3": { "start": { "line": 10, "column": 2 }, "end": { "line": 10, "column": null } },
      "4": { "start": { "line": 13, "column": 2 }, "end": { "line": 13, "column": null } },
      "5": { "start": { "line": 16, "column": 2 }, "end": { "line": 16, "column": null } },
      "6": { "start": { "line": 19, "column": 2 }, "end": { "line": 19, "column": null } },
      "7": { "start": { "line": 22, "column": 2 }, "end": { "line": 22, "column": null } },
      "8": { "start": { "line": 25, "column": 2 }, "end": { "line": 25, "column": null } },
      "9": { "start": { "line": 8, "column": 13 }, "end": { "line": 26, "column": null } },
      "10": { "start": { "line": 8, "column": 13 }, "end": { "line": 8, "column": 20 } },
      "11": { "start": { "line": 28, "column": 13 }, "end": { "line": 28, "column": 54 } }
    },
    "fnMap": {},
    "branchMap": {},
    "s": { "0": 2, "1": 2, "2": 2, "3": 2, "4": 2, "5": 2, "6": 2, "7": 2, "8": 2, "9": 2, "10": 2, "11": 2 },
    "f": {},
    "b": {}
  },
  "D:\\game-store-backend\\src\\DA\\db\\postgresql\\index.ts": {
    "path": "D:\\game-store-backend\\src\\DA\\db\\postgresql\\index.ts",
    "statementMap": {
      "0": { "start": { "line": 1, "column": 0 }, "end": { "line": 1, "column": 58 } },
      "1": { "start": { "line": 2, "column": 0 }, "end": { "line": 2, "column": 49 } },
      "2": { "start": { "line": 3, "column": 0 }, "end": { "line": 3, "column": 45 } },
      "3": { "start": { "line": 4, "column": 0 }, "end": { "line": 4, "column": 43 } },
      "4": { "start": { "line": 5, "column": 0 }, "end": { "line": 5, "column": 45 } },
      "5": { "start": { "line": 6, "column": 0 }, "end": { "line": 6, "column": 43 } },
      "6": { "start": { "line": 8, "column": 33 }, "end": { "line": 23, "column": 2 } },
      "7": { "start": { "line": 8, "column": 59 }, "end": { "line": 23, "column": 2 } },
      "8": { "start": { "line": 9, "column": 2 }, "end": { "line": 22, "column": 7 } },
      "9": { "start": { "line": 11, "column": 6 }, "end": { "line": 14, "column": 9 } },
      "10": { "start": { "line": 15, "column": 6 }, "end": { "line": 15, "column": 13 } },
      "11": { "start": { "line": 18, "column": 6 }, "end": { "line": 21, "column": 9 } },
      "12": { "start": { "line": 8, "column": 13 }, "end": { "line": 8, "column": 33 } },
      "13": { "start": { "line": 26, "column": 29 }, "end": { "line": 26, "column": 52 } },
      "14": { "start": { "line": 27, "column": 21 }, "end": { "line": 27, "column": 52 } },
      "15": { "start": { "line": 28, "column": 2 }, "end": { "line": 83, "column": null } },
      "16": { "start": { "line": 29, "column": 4 }, "end": { "line": 32, "column": 7 } },
      "17": { "start": { "line": 34, "column": 21 }, "end": { "line": 34, "column": 35 } },
      "18": { "start": { "line": 35, "column": 4 }, "end": { "line": 35, "column": 37 } },
      "19": { "start": { "line": 36, "column": 4 }, "end": { "line": 82, "column": 7 } },
      "20": { "start": { "line": 36, "column": 62 }, "end": { "line": 82, "column": 6 } },
      "21": { "start": { "line": 37, "column": 23 }, "end": { "line": 37, "column": 36 } },
      "22": { "start": { "line": 38, "column": 6 }, "end": { "line": 38, "column": 38 } },
      "23": { "start": { "line": 39, "column": 6 }, "end": { "line": 39, "column": 39 } },
      "24": { "start": { "line": 40, "column": 6 }, "end": { "line": 40, "column": 38 } },
      "25": { "start": { "line": 41, "column": 6 }, "end": { "line": 41, "column": 26 } },
      "26": { "start": { "line": 43, "column": 23 }, "end": { "line": 43, "column": 36 } },
      "27": { "start": { "line": 44, "column": 6 }, "end": { "line": 44, "column": 38 } },
      "28": { "start": { "line": 45, "column": 6 }, "end": { "line": 45, "column": 39 } },
      "29": { "start": { "line": 46, "column": 6 }, "end": { "line": 46, "column": 38 } },
      "30": { "start": { "line": 47, "column": 6 }, "end": { "line": 47, "column": 26 } },
      "31": { "start": { "line": 49, "column": 23 }, "end": { "line": 49, "column": 36 } },
      "32": { "start": { "line": 50, "column": 6 }, "end": { "line": 50, "column": 38 } },
      "33": { "start": { "line": 51, "column": 6 }, "end": { "line": 51, "column": 39 } },
      "34": { "start": { "line": 52, "column": 6 }, "end": { "line": 52, "column": 38 } },
      "35": { "start": { "line": 53, "column": 6 }, "end": { "line": 53, "column": 26 } },
      "36": { "start": { "line": 55, "column": 23 }, "end": { "line": 55, "column": 36 } },
      "37": { "start": { "line": 56, "column": 6 }, "end": { "line": 56, "column": 38 } },
      "38": { "start": { "line": 57, "column": 6 }, "end": { "line": 57, "column": 39 } },
      "39": { "start": { "line": 58, "column": 6 }, "end": { "line": 58, "column": 38 } },
      "40": { "start": { "line": 59, "column": 6 }, "end": { "line": 59, "column": 26 } },
      "41": { "start": { "line": 61, "column": 33 }, "end": { "line": 61, "column": 55 } },
      "42": { "start": { "line": 62, "column": 6 }, "end": { "line": 62, "column": 46 } },
      "43": { "start": { "line": 63, "column": 6 }, "end": { "line": 63, "column": 46 } },
      "44": { "start": { "line": 64, "column": 6 }, "end": { "line": 64, "column": 46 } },
      "45": { "start": { "line": 65, "column": 6 }, "end": { "line": 65, "column": 46 } },
      "46": { "start": { "line": 68, "column": 27 }, "end": { "line": 68, "column": 40 } },
      "47": { "start": { "line": 69, "column": 6 }, "end": { "line": 69, "column": 39 } },
      "48": { "start": { "line": 70, "column": 6 }, "end": { "line": 70, "column": 41 } },
      "49": { "start": { "line": 71, "column": 6 }, "end": { "line": 71, "column": 57 } },
      "50": { "start": { "line": 72, "column": 6 }, "end": { "line": 72, "column": 34 } },
      "51": { "start": { "line": 73, "column": 6 }, "end": { "line": 73, "column": 38 } },
      "52": { "start": { "line": 75, "column": 33 }, "end": { "line": 75, "column": 55 } },
      "53": { "start": { "line": 76, "column": 6 }, "end": { "line": 76, "column": 50 } },
      "54": { "start": { "line": 78, "column": 6 }, "end": { "line": 81, "column": 9 } }
    },
    "fnMap": {
      "0": {
        "name": "(anonymous_8)",
        "decl": { "start": { "line": 8, "column": 33 }, "end": { "line": 8, "column": 57 } },
        "loc": { "start": { "line": 8, "column": 59 }, "end": { "line": 23, "column": 2 } }
      },
      "1": {
        "name": "(anonymous_9)",
        "decl": { "start": { "line": 8, "column": 59 }, "end": { "line": 8, "column": null } },
        "loc": { "start": { "line": 8, "column": 59 }, "end": { "line": 23, "column": 1 } }
      },
      "2": {
        "name": "(anonymous_10)",
        "decl": { "start": { "line": 10, "column": 10 }, "end": { "line": 10, "column": 13 } },
        "loc": { "start": { "line": 10, "column": 15 }, "end": { "line": 16, "column": 5 } }
      },
      "3": {
        "name": "(anonymous_11)",
        "decl": { "start": { "line": 17, "column": 11 }, "end": { "line": 17, "column": 12 } },
        "loc": { "start": { "line": 17, "column": 19 }, "end": { "line": 22, "column": 5 } }
      },
      "4": {
        "name": "init",
        "decl": { "start": { "line": 25, "column": 15 }, "end": { "line": 25, "column": 19 } },
        "loc": { "start": { "line": 25, "column": 19 }, "end": { "line": 84, "column": null } }
      },
      "5": {
        "name": "(anonymous_14)",
        "decl": { "start": { "line": 36, "column": 43 }, "end": { "line": 36, "column": 50 } },
        "loc": { "start": { "line": 36, "column": 62 }, "end": { "line": 82, "column": 6 } }
      },
      "6": {
        "name": "(anonymous_15)",
        "decl": { "start": { "line": 36, "column": 62 }, "end": { "line": 36, "column": null } },
        "loc": { "start": { "line": 36, "column": 62 }, "end": { "line": 82, "column": 5 } }
      }
    },
    "branchMap": {
      "0": {
        "loc": { "start": { "line": 28, "column": 2 }, "end": { "line": 83, "column": null } },
        "type": "if",
        "locations": [{ "start": { "line": 28, "column": 2 }, "end": { "line": 83, "column": null } }]
      }
    },
    "s": {
      "0": 2,
      "1": 2,
      "2": 2,
      "3": 2,
      "4": 2,
      "5": 2,
      "6": 2,
      "7": 0,
      "8": 0,
      "9": 0,
      "10": 0,
      "11": 0,
      "12": 2,
      "13": 0,
      "14": 0,
      "15": 0,
      "16": 0,
      "17": 0,
      "18": 0,
      "19": 0,
      "20": 0,
      "21": 0,
      "22": 0,
      "23": 0,
      "24": 0,
      "25": 0,
      "26": 0,
      "27": 0,
      "28": 0,
      "29": 0,
      "30": 0,
      "31": 0,
      "32": 0,
      "33": 0,
      "34": 0,
      "35": 0,
      "36": 0,
      "37": 0,
      "38": 0,
      "39": 0,
      "40": 0,
      "41": 0,
      "42": 0,
      "43": 0,
      "44": 0,
      "45": 0,
      "46": 0,
      "47": 0,
      "48": 0,
      "49": 0,
      "50": 0,
      "51": 0,
      "52": 0,
      "53": 0,
      "54": 0
    },
    "f": { "0": 0, "1": 0, "2": 0, "3": 0, "4": 0, "5": 0, "6": 0 },
    "b": { "0": [0] }
  },
  "D:\\game-store-backend\\src\\DA\\db\\postgresql\\entity\\account.ts": {
    "path": "D:\\game-store-backend\\src\\DA\\db\\postgresql\\entity\\account.ts",
    "statementMap": {
      "0": { "start": { "line": 1, "column": 0 }, "end": { "line": 1, "column": 72 } },
      "1": { "start": { "line": 5, "column": 0 }, "end": { "line": 25, "column": null } },
      "2": { "start": { "line": 8, "column": 2 }, "end": { "line": 8, "column": null } },
      "3": { "start": { "line": 12, "column": 2 }, "end": { "line": 12, "column": null } },
      "4": { "start": { "line": 15, "column": 2 }, "end": { "line": 15, "column": null } },
      "5": { "start": { "line": 18, "column": 2 }, "end": { "line": 18, "column": null } },
      "6": { "start": { "line": 21, "column": 2 }, "end": { "line": 21, "column": null } },
      "7": { "start": { "line": 24, "column": 2 }, "end": { "line": 24, "column": null } },
      "8": { "start": { "line": 5, "column": 13 }, "end": { "line": 25, "column": null } },
      "9": { "start": { "line": 5, "column": 13 }, "end": { "line": 5, "column": 20 } }
    },
    "fnMap": {},
    "branchMap": {},
    "s": { "0": 2, "1": 2, "2": 2, "3": 2, "4": 2, "5": 2, "6": 2, "7": 2, "8": 2, "9": 2 },
    "f": {},
    "b": {}
  },
  "D:\\game-store-backend\\src\\DA\\db\\postgresql\\entity\\category.ts": {
    "path": "D:\\game-store-backend\\src\\DA\\db\\postgresql\\entity\\category.ts",
    "statementMap": {
      "0": { "start": { "line": 2, "column": 0 }, "end": { "line": 2, "column": 95 } },
      "1": { "start": { "line": 4, "column": 0 }, "end": { "line": 4, "column": 36 } },
      "2": { "start": { "line": 7, "column": 0 }, "end": { "line": 18, "column": null } },
      "3": { "start": { "line": 10, "column": 2 }, "end": { "line": 10, "column": null } },
      "4": { "start": { "line": 14, "column": 2 }, "end": { "line": 14, "column": null } },
      "5": { "start": { "line": 17, "column": 2 }, "end": { "line": 17, "column": null } },
      "6": { "start": { "line": 16, "column": 20 }, "end": { "line": 16, "column": 27 } },
      "7": { "start": { "line": 16, "column": 42 }, "end": { "line": 16, "column": 60 } },
      "8": { "start": { "line": 7, "column": 13 }, "end": { "line": 18, "column": null } },
      "9": { "start": { "line": 7, "column": 13 }, "end": { "line": 7, "column": 21 } }
    },
    "fnMap": {
      "0": {
        "name": "(anonymous_2)",
        "decl": { "start": { "line": 16, "column": 14 }, "end": { "line": 16, "column": 17 } },
        "loc": { "start": { "line": 16, "column": 20 }, "end": { "line": 16, "column": 27 } }
      },
      "1": {
        "name": "(anonymous_3)",
        "decl": { "start": { "line": 16, "column": 29 }, "end": { "line": 16, "column": 30 } },
        "loc": { "start": { "line": 16, "column": 42 }, "end": { "line": 16, "column": 60 } }
      }
    },
    "branchMap": {},
    "s": { "0": 2, "1": 2, "2": 2, "3": 2, "4": 2, "5": 2, "6": 0, "7": 0, "8": 2, "9": 2 },
    "f": { "0": 0, "1": 0 },
    "b": {}
  },
  "D:\\game-store-backend\\src\\DA\\db\\postgresql\\entity\\lastRating.ts": {
    "path": "D:\\game-store-backend\\src\\DA\\db\\postgresql\\entity\\lastRating.ts",
    "statementMap": {
      "0": { "start": { "line": 1, "column": 0 }, "end": { "line": 1, "column": 83 } },
      "1": { "start": { "line": 3, "column": 0 }, "end": { "line": 3, "column": 36 } },
      "2": { "start": { "line": 6, "column": 0 }, "end": { "line": 26, "column": null } },
      "3": { "start": { "line": 9, "column": 2 }, "end": { "line": 9, "column": null } },
      "4": { "start": { "line": 13, "column": 2 }, "end": { "line": 13, "column": null } },
      "5": { "start": { "line": 16, "column": 2 }, "end": { "line": 16, "column": null } },
      "6": { "start": { "line": 20, "column": 2 }, "end": { "line": 20, "column": null } },
      "7": { "start": { "line": 25, "column": 2 }, "end": { "line": 25, "column": null } },
      "8": { "start": { "line": 22, "column": 19 }, "end": { "line": 22, "column": 26 } },
      "9": { "start": { "line": 22, "column": 41 }, "end": { "line": 22, "column": 56 } },
      "10": { "start": { "line": 6, "column": 13 }, "end": { "line": 26, "column": null } },
      "11": { "start": { "line": 6, "column": 13 }, "end": { "line": 6, "column": 23 } }
    },
    "fnMap": {
      "0": {
        "name": "(anonymous_2)",
        "decl": { "start": { "line": 22, "column": 13 }, "end": { "line": 22, "column": 16 } },
        "loc": { "start": { "line": 22, "column": 19 }, "end": { "line": 22, "column": 26 } }
      },
      "1": {
        "name": "(anonymous_3)",
        "decl": { "start": { "line": 22, "column": 28 }, "end": { "line": 22, "column": 29 } },
        "loc": { "start": { "line": 22, "column": 41 }, "end": { "line": 22, "column": 56 } }
      }
    },
    "branchMap": {},
    "s": { "0": 2, "1": 2, "2": 2, "3": 2, "4": 2, "5": 2, "6": 2, "7": 2, "8": 0, "9": 0, "10": 2, "11": 2 },
    "f": { "0": 0, "1": 0 },
    "b": {}
  },
  "D:\\game-store-backend\\src\\DA\\db\\postgresql\\entity\\product.ts": {
    "path": "D:\\game-store-backend\\src\\DA\\db\\postgresql\\entity\\product.ts",
    "statementMap": {
      "0": { "start": { "line": 2, "column": 0 }, "end": { "line": 2, "column": 106 } },
      "1": { "start": { "line": 4, "column": 0 }, "end": { "line": 4, "column": 38 } },
      "2": { "start": { "line": 5, "column": 0 }, "end": { "line": 5, "column": 34 } },
      "3": { "start": { "line": 9, "column": 0 }, "end": { "line": 35, "column": null } },
      "4": { "start": { "line": 12, "column": 2 }, "end": { "line": 12, "column": null } },
      "5": { "start": { "line": 16, "column": 2 }, "end": { "line": 16, "column": null } },
      "6": { "start": { "line": 22, "column": 2 }, "end": { "line": 22, "column": null } },
      "7": { "start": { "line": 18, "column": 20 }, "end": { "line": 18, "column": 28 } },
      "8": { "start": { "line": 18, "column": 44 }, "end": { "line": 18, "column": 61 } },
      "9": { "start": { "line": 25, "column": 2 }, "end": { "line": 25, "column": null } },
      "10": { "start": { "line": 24, "column": 19 }, "end": { "line": 24, "column": 25 } },
      "11": { "start": { "line": 24, "column": 39 }, "end": { "line": 24, "column": 53 } },
      "12": { "start": { "line": 28, "column": 2 }, "end": { "line": 28, "column": null } },
      "13": { "start": { "line": 31, "column": 2 }, "end": { "line": 31, "column": null } },
      "14": { "start": { "line": 34, "column": 2 }, "end": { "line": 34, "column": null } },
      "15": { "start": { "line": 9, "column": 13 }, "end": { "line": 35, "column": null } },
      "16": { "start": { "line": 9, "column": 13 }, "end": { "line": 9, "column": 20 } }
    },
    "fnMap": {
      "0": {
        "name": "(anonymous_2)",
        "decl": { "start": { "line": 18, "column": 14 }, "end": { "line": 18, "column": 17 } },
        "loc": { "start": { "line": 18, "column": 20 }, "end": { "line": 18, "column": 28 } }
      },
      "1": {
        "name": "(anonymous_3)",
        "decl": { "start": { "line": 18, "column": 30 }, "end": { "line": 18, "column": 31 } },
        "loc": { "start": { "line": 18, "column": 44 }, "end": { "line": 18, "column": 61 } }
      },
      "2": {
        "name": "(anonymous_4)",
        "decl": { "start": { "line": 24, "column": 13 }, "end": { "line": 24, "column": 16 } },
        "loc": { "start": { "line": 24, "column": 19 }, "end": { "line": 24, "column": 25 } }
      },
      "3": {
        "name": "(anonymous_5)",
        "decl": { "start": { "line": 24, "column": 27 }, "end": { "line": 24, "column": 28 } },
        "loc": { "start": { "line": 24, "column": 39 }, "end": { "line": 24, "column": 53 } }
      }
    },
    "branchMap": {},
    "s": {
      "0": 2,
      "1": 2,
      "2": 2,
      "3": 2,
      "4": 2,
      "5": 2,
      "6": 2,
      "7": 0,
      "8": 0,
      "9": 2,
      "10": 0,
      "11": 0,
      "12": 2,
      "13": 2,
      "14": 2,
      "15": 2,
      "16": 2
    },
    "f": { "0": 0, "1": 0, "2": 0, "3": 0 },
    "b": {}
  },
  "D:\\game-store-backend\\src\\DA\\db\\postgresql\\entity\\rating.ts": {
    "path": "D:\\game-store-backend\\src\\DA\\db\\postgresql\\entity\\rating.ts",
    "statementMap": {
      "0": { "start": { "line": 1, "column": 0 }, "end": { "line": 1, "column": 83 } },
      "1": { "start": { "line": 3, "column": 0 }, "end": { "line": 3, "column": 36 } },
      "2": { "start": { "line": 6, "column": 0 }, "end": { "line": 26, "column": null } },
      "3": { "start": { "line": 9, "column": 2 }, "end": { "line": 9, "column": null } },
      "4": { "start": { "line": 13, "column": 2 }, "end": { "line": 13, "column": null } },
      "5": { "start": { "line": 16, "column": 2 }, "end": { "line": 16, "column": null } },
      "6": { "start": { "line": 20, "column": 2 }, "end": { "line": 20, "column": null } },
      "7": { "start": { "line": 25, "column": 2 }, "end": { "line": 25, "column": null } },
      "8": { "start": { "line": 22, "column": 19 }, "end": { "line": 22, "column": 26 } },
      "9": { "start": { "line": 22, "column": 41 }, "end": { "line": 22, "column": 56 } },
      "10": { "start": { "line": 6, "column": 13 }, "end": { "line": 26, "column": null } },
      "11": { "start": { "line": 6, "column": 13 }, "end": { "line": 6, "column": 19 } }
    },
    "fnMap": {
      "0": {
        "name": "(anonymous_2)",
        "decl": { "start": { "line": 22, "column": 13 }, "end": { "line": 22, "column": 16 } },
        "loc": { "start": { "line": 22, "column": 19 }, "end": { "line": 22, "column": 26 } }
      },
      "1": {
        "name": "(anonymous_3)",
        "decl": { "start": { "line": 22, "column": 28 }, "end": { "line": 22, "column": 29 } },
        "loc": { "start": { "line": 22, "column": 41 }, "end": { "line": 22, "column": 56 } }
      }
    },
    "branchMap": {},
    "s": { "0": 2, "1": 2, "2": 2, "3": 2, "4": 2, "5": 2, "6": 2, "7": 2, "8": 0, "9": 0, "10": 2, "11": 2 },
    "f": { "0": 0, "1": 0 },
    "b": {}
  },
  "D:\\game-store-backend\\src\\DA\\repositories\\account\\accountTypeOrmRepository.ts": {
    "path": "D:\\game-store-backend\\src\\DA\\repositories\\account\\accountTypeOrmRepository.ts",
    "statementMap": {
      "0": { "start": { "line": 1, "column": 0 }, "end": { "line": 1, "column": 40 } },
      "1": { "start": { "line": 2, "column": 0 }, "end": { "line": 2, "column": 49 } },
      "2": { "start": { "line": 3, "column": 0 }, "end": { "line": 3, "column": 66 } },
      "3": { "start": { "line": 5, "column": 0 }, "end": { "line": 5, "column": 61 } },
      "4": { "start": { "line": 9, "column": 39 }, "end": { "line": 11, "column": 6 } },
      "5": { "start": { "line": 12, "column": 4 }, "end": { "line": 12, "column": 30 } },
      "6": { "start": { "line": 16, "column": 39 }, "end": { "line": 18, "column": 6 } },
      "7": { "start": { "line": 19, "column": 4 }, "end": { "line": 19, "column": 30 } },
      "8": { "start": { "line": 23, "column": 4 }, "end": { "line": 23, "column": 93 } },
      "9": { "start": { "line": 24, "column": 17 }, "end": { "line": 24, "column": 60 } },
      "10": { "start": { "line": 25, "column": 4 }, "end": { "line": 25, "column": 16 } },
      "11": { "start": { "line": 29, "column": 25 }, "end": { "line": 29, "column": 73 } },
      "12": { "start": { "line": 30, "column": 4 }, "end": { "line": 30, "column": 54 } },
      "13": { "start": { "line": 34, "column": 27 }, "end": { "line": 34, "column": 58 } },
      "14": { "start": { "line": 35, "column": 4 }, "end": { "line": 42, "column": 9 } },
      "15": { "start": { "line": 41, "column": 8 }, "end": { "line": 41, "column": 45 } },
      "16": { "start": { "line": 43, "column": 4 }, "end": { "line": 43, "column": 18 } },
      "17": { "start": { "line": 7, "column": 0 }, "end": { "line": 7, "column": 21 } }
    },
    "fnMap": {
      "0": {
        "name": "(anonymous_7)",
        "decl": { "start": { "line": 8, "column": 15 }, "end": { "line": 8, "column": 22 } },
        "loc": { "start": { "line": 8, "column": 33 }, "end": { "line": 13, "column": null } }
      },
      "1": {
        "name": "(anonymous_9)",
        "decl": { "start": { "line": 15, "column": 15 }, "end": { "line": 15, "column": 28 } },
        "loc": { "start": { "line": 15, "column": 45 }, "end": { "line": 20, "column": null } }
      },
      "2": {
        "name": "(anonymous_11)",
        "decl": { "start": { "line": 22, "column": 15 }, "end": { "line": 22, "column": 21 } },
        "loc": { "start": { "line": 22, "column": 38 }, "end": { "line": 26, "column": null } }
      },
      "3": {
        "name": "(anonymous_13)",
        "decl": { "start": { "line": 28, "column": 15 }, "end": { "line": 28, "column": 21 } },
        "loc": { "start": { "line": 28, "column": 32 }, "end": { "line": 31, "column": null } }
      },
      "4": {
        "name": "(anonymous_15)",
        "decl": { "start": { "line": 33, "column": 15 }, "end": { "line": 33, "column": 21 } },
        "loc": { "start": { "line": 33, "column": 38 }, "end": { "line": 44, "column": null } }
      },
      "5": {
        "name": "(anonymous_17)",
        "decl": { "start": { "line": 40, "column": 13 }, "end": { "line": 40, "column": 14 } },
        "loc": { "start": { "line": 40, "column": 24 }, "end": { "line": 42, "column": 7 } }
      }
    },
    "branchMap": {
      "0": {
        "loc": { "start": { "line": 12, "column": 11 }, "end": { "line": 12, "column": 29 } },
        "type": "cond-expr",
        "locations": [
          { "start": { "line": 12, "column": 18 }, "end": { "line": 12, "column": 22 } },
          { "start": { "line": 12, "column": 25 }, "end": { "line": 12, "column": 29 } }
        ]
      },
      "1": {
        "loc": { "start": { "line": 19, "column": 11 }, "end": { "line": 19, "column": 29 } },
        "type": "cond-expr",
        "locations": [
          { "start": { "line": 19, "column": 18 }, "end": { "line": 19, "column": 22 } },
          { "start": { "line": 19, "column": 25 }, "end": { "line": 19, "column": 29 } }
        ]
      },
      "2": {
        "loc": { "start": { "line": 30, "column": 11 }, "end": { "line": 30, "column": 53 } },
        "type": "cond-expr",
        "locations": [
          { "start": { "line": 30, "column": 41 }, "end": { "line": 30, "column": 45 } },
          { "start": { "line": 30, "column": 48 }, "end": { "line": 30, "column": 53 } }
        ]
      }
    },
    "s": {
      "0": 2,
      "1": 2,
      "2": 2,
      "3": 2,
      "4": 0,
      "5": 0,
      "6": 0,
      "7": 0,
      "8": 0,
      "9": 0,
      "10": 0,
      "11": 0,
      "12": 0,
      "13": 0,
      "14": 0,
      "15": 0,
      "16": 0,
      "17": 2
    },
    "f": { "0": 0, "1": 0, "2": 0, "3": 0, "4": 0, "5": 0 },
    "b": { "0": [0, 0], "1": [0, 0], "2": [0, 0] }
  },
  "D:\\game-store-backend\\src\\DA\\repositories\\account\\accountTypegooseRepository.ts": {
    "path": "D:\\game-store-backend\\src\\DA\\repositories\\account\\accountTypegooseRepository.ts",
    "statementMap": {
      "0": { "start": { "line": 1, "column": 0 }, "end": { "line": 1, "column": 48 } },
      "1": { "start": { "line": 3, "column": 0 }, "end": { "line": 3, "column": 72 } },
      "2": { "start": { "line": 4, "column": 0 }, "end": { "line": 4, "column": 49 } },
      "3": { "start": { "line": 5, "column": 0 }, "end": { "line": 5, "column": 66 } },
      "4": { "start": { "line": 8, "column": 21 }, "end": { "line": 8, "column": 52 } },
      "5": { "start": { "line": 10, "column": 34 }, "end": { "line": 12, "column": 6 } },
      "6": { "start": { "line": 14, "column": 4 }, "end": { "line": 14, "column": 16 } },
      "7": { "start": { "line": 18, "column": 34 }, "end": { "line": 20, "column": 6 } },
      "8": { "start": { "line": 22, "column": 4 }, "end": { "line": 22, "column": 16 } },
      "9": { "start": { "line": 26, "column": 4 }, "end": { "line": 26, "column": 80 } },
      "10": { "start": { "line": 27, "column": 17 }, "end": { "line": 27, "column": 92 } },
      "11": { "start": { "line": 28, "column": 4 }, "end": { "line": 28, "column": 16 } },
      "12": { "start": { "line": 32, "column": 17 }, "end": { "line": 32, "column": 58 } },
      "13": { "start": { "line": 33, "column": 4 }, "end": { "line": 33, "column": 31 } },
      "14": { "start": { "line": 37, "column": 27 }, "end": { "line": 37, "column": 58 } },
      "15": { "start": { "line": 38, "column": 4 }, "end": { "line": 45, "column": 9 } },
      "16": { "start": { "line": 44, "column": 8 }, "end": { "line": 44, "column": 45 } },
      "17": { "start": { "line": 46, "column": 4 }, "end": { "line": 46, "column": 18 } },
      "18": { "start": { "line": 6, "column": 0 }, "end": { "line": 6, "column": 21 } }
    },
    "fnMap": {
      "0": {
        "name": "(anonymous_7)",
        "decl": { "start": { "line": 7, "column": 15 }, "end": { "line": 7, "column": 22 } },
        "loc": { "start": { "line": 7, "column": 33 }, "end": { "line": 15, "column": null } }
      },
      "1": {
        "name": "(anonymous_9)",
        "decl": { "start": { "line": 17, "column": 15 }, "end": { "line": 17, "column": 28 } },
        "loc": { "start": { "line": 17, "column": 45 }, "end": { "line": 23, "column": null } }
      },
      "2": {
        "name": "(anonymous_11)",
        "decl": { "start": { "line": 25, "column": 15 }, "end": { "line": 25, "column": 21 } },
        "loc": { "start": { "line": 25, "column": 38 }, "end": { "line": 29, "column": null } }
      },
      "3": {
        "name": "(anonymous_13)",
        "decl": { "start": { "line": 31, "column": 15 }, "end": { "line": 31, "column": 21 } },
        "loc": { "start": { "line": 31, "column": 32 }, "end": { "line": 34, "column": null } }
      },
      "4": {
        "name": "(anonymous_15)",
        "decl": { "start": { "line": 36, "column": 15 }, "end": { "line": 36, "column": 21 } },
        "loc": { "start": { "line": 36, "column": 38 }, "end": { "line": 47, "column": null } }
      },
      "5": {
        "name": "(anonymous_17)",
        "decl": { "start": { "line": 43, "column": 13 }, "end": { "line": 43, "column": 14 } },
        "loc": { "start": { "line": 43, "column": 24 }, "end": { "line": 45, "column": 7 } }
      }
    },
    "branchMap": {
      "0": {
        "loc": { "start": { "line": 27, "column": 17 }, "end": { "line": 27, "column": 92 } },
        "type": "cond-expr",
        "locations": [
          { "start": { "line": 27, "column": 44 }, "end": { "line": 27, "column": 85 } },
          { "start": { "line": 27, "column": 88 }, "end": { "line": 27, "column": 92 } }
        ]
      },
      "1": {
        "loc": { "start": { "line": 33, "column": 11 }, "end": { "line": 33, "column": 30 } },
        "type": "cond-expr",
        "locations": [
          { "start": { "line": 33, "column": 18 }, "end": { "line": 33, "column": 22 } },
          { "start": { "line": 33, "column": 25 }, "end": { "line": 33, "column": 30 } }
        ]
      }
    },
    "s": {
      "0": 2,
      "1": 2,
      "2": 2,
      "3": 2,
      "4": 0,
      "5": 0,
      "6": 0,
      "7": 0,
      "8": 0,
      "9": 0,
      "10": 0,
      "11": 0,
      "12": 0,
      "13": 0,
      "14": 0,
      "15": 0,
      "16": 0,
      "17": 0,
      "18": 2
    },
    "f": { "0": 0, "1": 0, "2": 0, "3": 0, "4": 0, "5": 0 },
    "b": { "0": [0, 0], "1": [0, 0] }
  },
  "D:\\game-store-backend\\src\\DA\\repositories\\category\\categoryTypeOrmRepository.ts": {
    "path": "D:\\game-store-backend\\src\\DA\\repositories\\category\\categoryTypeOrmRepository.ts",
    "statementMap": {
      "0": { "start": { "line": 1, "column": 0 }, "end": { "line": 1, "column": 40 } },
      "1": { "start": { "line": 3, "column": 0 }, "end": { "line": 3, "column": 84 } },
      "2": { "start": { "line": 5, "column": 0 }, "end": { "line": 5, "column": 63 } },
      "3": { "start": { "line": 9, "column": 25 }, "end": { "line": 9, "column": 89 } },
      "4": { "start": { "line": 11, "column": 20 }, "end": { "line": 11, "column": 110 } },
      "5": { "start": { "line": 13, "column": 4 }, "end": { "line": 17, "column": null } },
      "6": { "start": { "line": 14, "column": 6 }, "end": { "line": 14, "column": 66 } },
      "7": { "start": { "line": 16, "column": 6 }, "end": { "line": 16, "column": 110 } },
      "8": { "start": { "line": 16, "column": 53 }, "end": { "line": 16, "column": 110 } },
      "9": { "start": { "line": 19, "column": 17 }, "end": { "line": 19, "column": 39 } },
      "10": { "start": { "line": 21, "column": 4 }, "end": { "line": 21, "column": 30 } },
      "11": { "start": { "line": 25, "column": 17 }, "end": { "line": 25, "column": 71 } },
      "12": { "start": { "line": 26, "column": 4 }, "end": { "line": 26, "column": 16 } },
      "13": { "start": { "line": 30, "column": 21 }, "end": { "line": 30, "column": 47 } },
      "14": { "start": { "line": 31, "column": 4 }, "end": { "line": 33, "column": null } },
      "15": { "start": { "line": 32, "column": 6 }, "end": { "line": 32, "column": 29 } },
      "16": { "start": { "line": 34, "column": 4 }, "end": { "line": 34, "column": 61 } },
      "17": { "start": { "line": 35, "column": 25 }, "end": { "line": 35, "column": 74 } },
      "18": { "start": { "line": 36, "column": 4 }, "end": { "line": 36, "column": 54 } },
      "19": { "start": { "line": 40, "column": 17 }, "end": { "line": 40, "column": 71 } },
      "20": { "start": { "line": 41, "column": 4 }, "end": { "line": 41, "column": 16 } },
      "21": { "start": { "line": 45, "column": 30 }, "end": { "line": 45, "column": 68 } },
      "22": { "start": { "line": 47, "column": 4 }, "end": { "line": 47, "column": 16 } },
      "23": { "start": { "line": 7, "column": 0 }, "end": { "line": 7, "column": 21 } }
    },
    "fnMap": {
      "0": {
        "name": "(anonymous_7)",
        "decl": { "start": { "line": 8, "column": 15 }, "end": { "line": 8, "column": 22 } },
        "loc": { "start": { "line": 8, "column": 70 }, "end": { "line": 22, "column": null } }
      },
      "1": {
        "name": "(anonymous_9)",
        "decl": { "start": { "line": 24, "column": 15 }, "end": { "line": 24, "column": 21 } },
        "loc": { "start": { "line": 24, "column": 39 }, "end": { "line": 27, "column": null } }
      },
      "2": {
        "name": "(anonymous_11)",
        "decl": { "start": { "line": 29, "column": 15 }, "end": { "line": 29, "column": 21 } },
        "loc": { "start": { "line": 29, "column": 32 }, "end": { "line": 37, "column": null } }
      },
      "3": {
        "name": "(anonymous_13)",
        "decl": { "start": { "line": 39, "column": 15 }, "end": { "line": 39, "column": 21 } },
        "loc": { "start": { "line": 39, "column": 39 }, "end": { "line": 42, "column": null } }
      },
      "4": {
        "name": "(anonymous_15)",
        "decl": { "start": { "line": 44, "column": 15 }, "end": { "line": 44, "column": 32 } },
        "loc": { "start": { "line": 44, "column": 32 }, "end": { "line": 48, "column": null } }
      }
    },
    "branchMap": {
      "0": {
        "loc": { "start": { "line": 9, "column": 25 }, "end": { "line": 9, "column": 89 } },
        "type": "cond-expr",
        "locations": [
          { "start": { "line": 9, "column": 41 }, "end": { "line": 9, "column": 82 } },
          { "start": { "line": 9, "column": 85 }, "end": { "line": 9, "column": 89 } }
        ]
      },
      "1": {
        "loc": { "start": { "line": 13, "column": 4 }, "end": { "line": 17, "column": null } },
        "type": "if",
        "locations": [{ "start": { "line": 13, "column": 4 }, "end": { "line": 17, "column": null } }]
      },
      "2": {
        "loc": { "start": { "line": 13, "column": 8 }, "end": { "line": 13, "column": 61 } },
        "type": "binary-expr",
        "locations": [
          { "start": { "line": 13, "column": 8 }, "end": { "line": 13, "column": 20 } },
          { "start": { "line": 13, "column": 24 }, "end": { "line": 13, "column": 61 } }
        ]
      },
      "3": {
        "loc": { "start": { "line": 16, "column": 6 }, "end": { "line": 16, "column": 110 } },
        "type": "if",
        "locations": [{ "start": { "line": 16, "column": 6 }, "end": { "line": 16, "column": 110 } }]
      },
      "4": {
        "loc": { "start": { "line": 21, "column": 11 }, "end": { "line": 21, "column": 29 } },
        "type": "cond-expr",
        "locations": [
          { "start": { "line": 21, "column": 18 }, "end": { "line": 21, "column": 22 } },
          { "start": { "line": 21, "column": 25 }, "end": { "line": 21, "column": 29 } }
        ]
      },
      "5": {
        "loc": { "start": { "line": 31, "column": 4 }, "end": { "line": 33, "column": null } },
        "type": "if",
        "locations": [{ "start": { "line": 31, "column": 4 }, "end": { "line": 33, "column": null } }]
      },
      "6": {
        "loc": { "start": { "line": 36, "column": 11 }, "end": { "line": 36, "column": 53 } },
        "type": "cond-expr",
        "locations": [
          { "start": { "line": 36, "column": 41 }, "end": { "line": 36, "column": 45 } },
          { "start": { "line": 36, "column": 48 }, "end": { "line": 36, "column": 53 } }
        ]
      }
    },
    "s": {
      "0": 2,
      "1": 2,
      "2": 2,
      "3": 0,
      "4": 0,
      "5": 0,
      "6": 0,
      "7": 0,
      "8": 0,
      "9": 0,
      "10": 0,
      "11": 0,
      "12": 0,
      "13": 0,
      "14": 0,
      "15": 0,
      "16": 0,
      "17": 0,
      "18": 0,
      "19": 0,
      "20": 0,
      "21": 0,
      "22": 0,
      "23": 2
    },
    "f": { "0": 0, "1": 0, "2": 0, "3": 0, "4": 0 },
    "b": { "0": [0, 0], "1": [0], "2": [0, 0], "3": [0], "4": [0, 0], "5": [0], "6": [0, 0] }
  },
  "D:\\game-store-backend\\src\\DA\\repositories\\category\\categoryTypegooseRepository.ts": {
    "path": "D:\\game-store-backend\\src\\DA\\repositories\\category\\categoryTypegooseRepository.ts",
    "statementMap": {
      "0": { "start": { "line": 1, "column": 0 }, "end": { "line": 1, "column": 48 } },
      "1": { "start": { "line": 3, "column": 0 }, "end": { "line": 3, "column": 84 } },
      "2": { "start": { "line": 5, "column": 0 }, "end": { "line": 5, "column": 75 } },
      "3": { "start": { "line": 6, "column": 0 }, "end": { "line": 6, "column": 63 } },
      "4": { "start": { "line": 10, "column": 26 }, "end": { "line": 10, "column": 90 } },
      "5": { "start": { "line": 11, "column": 21 }, "end": { "line": 11, "column": 52 } },
      "6": { "start": { "line": 13, "column": 35 }, "end": { "line": 17, "column": null } },
      "7": { "start": { "line": 20, "column": 4 }, "end": { "line": 32, "column": null } },
      "8": { "start": { "line": 23, "column": 6 }, "end": { "line": 29, "column": null } },
      "9": { "start": { "line": 24, "column": 8 }, "end": { "line": 24, "column": 100 } },
      "10": { "start": { "line": 26, "column": 8 }, "end": { "line": 28, "column": 20 } },
      "11": { "start": { "line": 31, "column": 6 }, "end": { "line": 31, "column": 41 } },
      "12": { "start": { "line": 34, "column": 4 }, "end": { "line": 34, "column": 16 } },
      "13": { "start": { "line": 38, "column": 4 }, "end": { "line": 38, "column": 82 } },
      "14": { "start": { "line": 39, "column": 17 }, "end": { "line": 39, "column": 96 } },
      "15": { "start": { "line": 40, "column": 4 }, "end": { "line": 40, "column": 16 } },
      "16": { "start": { "line": 44, "column": 4 }, "end": { "line": 44, "column": 91 } },
      "17": { "start": { "line": 45, "column": 17 }, "end": { "line": 45, "column": 59 } },
      "18": { "start": { "line": 46, "column": 4 }, "end": { "line": 46, "column": 31 } },
      "19": { "start": { "line": 50, "column": 28 }, "end": { "line": 50, "column": 78 } },
      "20": { "start": { "line": 51, "column": 4 }, "end": { "line": 51, "column": 16 } },
      "21": { "start": { "line": 55, "column": 30 }, "end": { "line": 55, "column": 73 } },
      "22": { "start": { "line": 56, "column": 4 }, "end": { "line": 56, "column": 16 } },
      "23": { "start": { "line": 8, "column": 0 }, "end": { "line": 8, "column": 21 } }
    },
    "fnMap": {
      "0": {
        "name": "(anonymous_7)",
        "decl": { "start": { "line": 9, "column": 15 }, "end": { "line": 9, "column": 22 } },
        "loc": { "start": { "line": 9, "column": 70 }, "end": { "line": 35, "column": null } }
      },
      "1": {
        "name": "(anonymous_9)",
        "decl": { "start": { "line": 37, "column": 15 }, "end": { "line": 37, "column": 21 } },
        "loc": { "start": { "line": 37, "column": 39 }, "end": { "line": 41, "column": null } }
      },
      "2": {
        "name": "(anonymous_11)",
        "decl": { "start": { "line": 43, "column": 15 }, "end": { "line": 43, "column": 21 } },
        "loc": { "start": { "line": 43, "column": 32 }, "end": { "line": 47, "column": null } }
      },
      "3": {
        "name": "(anonymous_13)",
        "decl": { "start": { "line": 49, "column": 15 }, "end": { "line": 49, "column": 21 } },
        "loc": { "start": { "line": 49, "column": 39 }, "end": { "line": 52, "column": null } }
      },
      "4": {
        "name": "(anonymous_15)",
        "decl": { "start": { "line": 54, "column": 15 }, "end": { "line": 54, "column": 32 } },
        "loc": { "start": { "line": 54, "column": 32 }, "end": { "line": 57, "column": null } }
      }
    },
    "branchMap": {
      "0": {
        "loc": { "start": { "line": 10, "column": 26 }, "end": { "line": 10, "column": 90 } },
        "type": "cond-expr",
        "locations": [
          { "start": { "line": 10, "column": 42 }, "end": { "line": 10, "column": 83 } },
          { "start": { "line": 10, "column": 86 }, "end": { "line": 10, "column": 90 } }
        ]
      },
      "1": {
        "loc": { "start": { "line": 20, "column": 4 }, "end": { "line": 32, "column": null } },
        "type": "if",
        "locations": [{ "start": { "line": 20, "column": 4 }, "end": { "line": 32, "column": null } }]
      },
      "2": {
        "loc": { "start": { "line": 20, "column": 8 }, "end": { "line": 20, "column": 80 } },
        "type": "binary-expr",
        "locations": [
          { "start": { "line": 20, "column": 8 }, "end": { "line": 20, "column": 21 } },
          { "start": { "line": 20, "column": 25 }, "end": { "line": 20, "column": 63 } },
          { "start": { "line": 20, "column": 67 }, "end": { "line": 20, "column": 80 } }
        ]
      },
      "3": {
        "loc": { "start": { "line": 23, "column": 6 }, "end": { "line": 29, "column": null } },
        "type": "if",
        "locations": [
          { "start": { "line": 23, "column": 6 }, "end": { "line": 29, "column": null } },
          { "start": { "line": 25, "column": 13 }, "end": { "line": 29, "column": null } }
        ]
      },
      "4": {
        "loc": { "start": { "line": 39, "column": 17 }, "end": { "line": 39, "column": 96 } },
        "type": "cond-expr",
        "locations": [
          { "start": { "line": 39, "column": 44 }, "end": { "line": 39, "column": 89 } },
          { "start": { "line": 39, "column": 92 }, "end": { "line": 39, "column": 96 } }
        ]
      },
      "5": {
        "loc": { "start": { "line": 46, "column": 11 }, "end": { "line": 46, "column": 30 } },
        "type": "cond-expr",
        "locations": [
          { "start": { "line": 46, "column": 18 }, "end": { "line": 46, "column": 22 } },
          { "start": { "line": 46, "column": 25 }, "end": { "line": 46, "column": 30 } }
        ]
      }
    },
    "s": {
      "0": 2,
      "1": 2,
      "2": 2,
      "3": 2,
      "4": 0,
      "5": 0,
      "6": 0,
      "7": 0,
      "8": 0,
      "9": 0,
      "10": 0,
      "11": 0,
      "12": 0,
      "13": 0,
      "14": 0,
      "15": 0,
      "16": 0,
      "17": 0,
      "18": 0,
      "19": 0,
      "20": 0,
      "21": 0,
      "22": 0,
      "23": 2
    },
    "f": { "0": 0, "1": 0, "2": 0, "3": 0, "4": 0 },
    "b": { "0": [0, 0], "1": [0], "2": [0, 0, 0], "3": [0, 0], "4": [0, 0], "5": [0, 0] }
  },
  "D:\\game-store-backend\\src\\DA\\repositories\\lastRatings\\lastRatingTypeOrmRepository.ts": {
    "path": "D:\\game-store-backend\\src\\DA\\repositories\\lastRatings\\lastRatingTypeOrmRepository.ts",
    "statementMap": {
      "0": { "start": { "line": 1, "column": 0 }, "end": { "line": 1, "column": 40 } },
      "1": { "start": { "line": 3, "column": 0 }, "end": { "line": 3, "column": 67 } },
      "2": { "start": { "line": 7, "column": 28 }, "end": { "line": 12, "column": 6 } },
      "3": { "start": { "line": 14, "column": 4 }, "end": { "line": 14, "column": 41 } },
      "4": { "start": { "line": 18, "column": 24 }, "end": { "line": 18, "column": 46 } },
      "5": { "start": { "line": 20, "column": 4 }, "end": { "line": 30, "column": null } },
      "6": { "start": { "line": 21, "column": 28 }, "end": { "line": 21, "column": 63 } },
      "7": { "start": { "line": 23, "column": 6 }, "end": { "line": 27, "column": 19 } },
      "8": { "start": { "line": 29, "column": 6 }, "end": { "line": 29, "column": 18 } },
      "9": { "start": { "line": 32, "column": 4 }, "end": { "line": 32, "column": 17 } },
      "10": { "start": { "line": 36, "column": 17 }, "end": { "line": 36, "column": 75 } },
      "11": { "start": { "line": 38, "column": 4 }, "end": { "line": 38, "column": 16 } },
      "12": { "start": { "line": 42, "column": 33 }, "end": { "line": 42, "column": 58 } },
      "13": { "start": { "line": 43, "column": 19 }, "end": { "line": 48, "column": 6 } },
      "14": { "start": { "line": 49, "column": 24 }, "end": { "line": 49, "column": 28 } },
      "15": { "start": { "line": 51, "column": 4 }, "end": { "line": 57, "column": null } },
      "16": { "start": { "line": 52, "column": 6 }, "end": { "line": 52, "column": 36 } },
      "17": { "start": { "line": 53, "column": 6 }, "end": { "line": 53, "column": 42 } },
      "18": { "start": { "line": 54, "column": 6 }, "end": { "line": 54, "column": 62 } },
      "19": { "start": { "line": 56, "column": 6 }, "end": { "line": 56, "column": 48 } },
      "20": { "start": { "line": 59, "column": 4 }, "end": { "line": 59, "column": 25 } },
      "21": { "start": { "line": 63, "column": 25 }, "end": { "line": 63, "column": 76 } },
      "22": { "start": { "line": 64, "column": 4 }, "end": { "line": 64, "column": 54 } },
      "23": { "start": { "line": 5, "column": 0 }, "end": { "line": 5, "column": 21 } }
    },
    "fnMap": {
      "0": {
        "name": "(anonymous_7)",
        "decl": { "start": { "line": 6, "column": 15 }, "end": { "line": 6, "column": 24 } },
        "loc": { "start": { "line": 6, "column": 24 }, "end": { "line": 15, "column": null } }
      },
      "1": {
        "name": "(anonymous_9)",
        "decl": { "start": { "line": 17, "column": 15 }, "end": { "line": 17, "column": 31 } },
        "loc": { "start": { "line": 17, "column": 31 }, "end": { "line": 33, "column": null } }
      },
      "2": {
        "name": "(anonymous_11)",
        "decl": { "start": { "line": 35, "column": 15 }, "end": { "line": 35, "column": 21 } },
        "loc": { "start": { "line": 35, "column": 37 }, "end": { "line": 39, "column": null } }
      },
      "3": {
        "name": "(anonymous_13)",
        "decl": { "start": { "line": 41, "column": 15 }, "end": { "line": 41, "column": 21 } },
        "loc": { "start": { "line": 41, "column": 37 }, "end": { "line": 60, "column": null } }
      },
      "4": {
        "name": "(anonymous_15)",
        "decl": { "start": { "line": 62, "column": 15 }, "end": { "line": 62, "column": 21 } },
        "loc": { "start": { "line": 62, "column": 32 }, "end": { "line": 65, "column": null } }
      }
    },
    "branchMap": {
      "0": {
        "loc": { "start": { "line": 14, "column": 11 }, "end": { "line": 14, "column": 40 } },
        "type": "cond-expr",
        "locations": [
          { "start": { "line": 14, "column": 29 }, "end": { "line": 14, "column": 33 } },
          { "start": { "line": 14, "column": 36 }, "end": { "line": 14, "column": 40 } }
        ]
      },
      "1": {
        "loc": { "start": { "line": 20, "column": 4 }, "end": { "line": 30, "column": null } },
        "type": "if",
        "locations": [{ "start": { "line": 20, "column": 4 }, "end": { "line": 30, "column": null } }]
      },
      "2": {
        "loc": { "start": { "line": 20, "column": 8 }, "end": { "line": 20, "column": 45 } },
        "type": "binary-expr",
        "locations": [
          { "start": { "line": 20, "column": 8 }, "end": { "line": 20, "column": 19 } },
          { "start": { "line": 20, "column": 23 }, "end": { "line": 20, "column": 45 } }
        ]
      },
      "3": {
        "loc": { "start": { "line": 51, "column": 4 }, "end": { "line": 57, "column": null } },
        "type": "if",
        "locations": [
          { "start": { "line": 51, "column": 4 }, "end": { "line": 57, "column": null } },
          { "start": { "line": 55, "column": 11 }, "end": { "line": 57, "column": null } }
        ]
      },
      "4": {
        "loc": { "start": { "line": 64, "column": 11 }, "end": { "line": 64, "column": 53 } },
        "type": "cond-expr",
        "locations": [
          { "start": { "line": 64, "column": 41 }, "end": { "line": 64, "column": 45 } },
          { "start": { "line": 64, "column": 48 }, "end": { "line": 64, "column": 53 } }
        ]
      }
    },
    "s": {
      "0": 2,
      "1": 2,
      "2": 0,
      "3": 0,
      "4": 0,
      "5": 0,
      "6": 0,
      "7": 0,
      "8": 0,
      "9": 0,
      "10": 0,
      "11": 0,
      "12": 0,
      "13": 0,
      "14": 0,
      "15": 0,
      "16": 0,
      "17": 0,
      "18": 0,
      "19": 0,
      "20": 0,
      "21": 0,
      "22": 0,
      "23": 2
    },
    "f": { "0": 0, "1": 0, "2": 0, "3": 0, "4": 0 },
    "b": { "0": [0, 0], "1": [0], "2": [0, 0], "3": [0, 0], "4": [0, 0] }
  },
  "D:\\game-store-backend\\src\\DA\\repositories\\lastRatings\\lastRatingTypegooseReporitory.ts": {
    "path": "D:\\game-store-backend\\src\\DA\\repositories\\lastRatings\\lastRatingTypegooseReporitory.ts",
    "statementMap": {
      "0": { "start": { "line": 2, "column": 0 }, "end": { "line": 2, "column": 81 } },
      "1": { "start": { "line": 7, "column": 28 }, "end": { "line": 9, "column": 16 } },
      "2": { "start": { "line": 11, "column": 4 }, "end": { "line": 11, "column": 41 } },
      "3": { "start": { "line": 15, "column": 24 }, "end": { "line": 15, "column": 46 } },
      "4": { "start": { "line": 17, "column": 4 }, "end": { "line": 22, "column": null } },
      "5": { "start": { "line": 18, "column": 28 }, "end": { "line": 18, "column": 63 } },
      "6": { "start": { "line": 19, "column": 6 }, "end": { "line": 19, "column": 70 } },
      "7": { "start": { "line": 21, "column": 6 }, "end": { "line": 21, "column": 18 } },
      "8": { "start": { "line": 24, "column": 4 }, "end": { "line": 24, "column": 17 } },
      "9": { "start": { "line": 28, "column": 4 }, "end": { "line": 28, "column": 45 } },
      "10": { "start": { "line": 29, "column": 4 }, "end": { "line": 29, "column": 18 } },
      "11": { "start": { "line": 33, "column": 4 }, "end": { "line": 36, "column": 6 } },
      "12": { "start": { "line": 37, "column": 17 }, "end": { "line": 37, "column": 67 } },
      "13": { "start": { "line": 38, "column": 4 }, "end": { "line": 38, "column": 30 } },
      "14": { "start": { "line": 42, "column": 17 }, "end": { "line": 42, "column": 61 } },
      "15": { "start": { "line": 43, "column": 4 }, "end": { "line": 43, "column": 31 } },
      "16": { "start": { "line": 5, "column": 0 }, "end": { "line": 5, "column": 21 } }
    },
    "fnMap": {
      "0": {
        "name": "(anonymous_7)",
        "decl": { "start": { "line": 6, "column": 15 }, "end": { "line": 6, "column": 24 } },
        "loc": { "start": { "line": 6, "column": 24 }, "end": { "line": 12, "column": null } }
      },
      "1": {
        "name": "(anonymous_9)",
        "decl": { "start": { "line": 14, "column": 15 }, "end": { "line": 14, "column": 31 } },
        "loc": { "start": { "line": 14, "column": 31 }, "end": { "line": 25, "column": null } }
      },
      "2": {
        "name": "(anonymous_11)",
        "decl": { "start": { "line": 27, "column": 15 }, "end": { "line": 27, "column": 21 } },
        "loc": { "start": { "line": 27, "column": 37 }, "end": { "line": 30, "column": null } }
      },
      "3": {
        "name": "(anonymous_13)",
        "decl": { "start": { "line": 32, "column": 15 }, "end": { "line": 32, "column": 21 } },
        "loc": { "start": { "line": 32, "column": 37 }, "end": { "line": 39, "column": null } }
      },
      "4": {
        "name": "(anonymous_15)",
        "decl": { "start": { "line": 41, "column": 15 }, "end": { "line": 41, "column": 21 } },
        "loc": { "start": { "line": 41, "column": 32 }, "end": { "line": 44, "column": null } }
      }
    },
    "branchMap": {
      "0": {
        "loc": { "start": { "line": 11, "column": 11 }, "end": { "line": 11, "column": 40 } },
        "type": "cond-expr",
        "locations": [
          { "start": { "line": 11, "column": 29 }, "end": { "line": 11, "column": 33 } },
          { "start": { "line": 11, "column": 36 }, "end": { "line": 11, "column": 40 } }
        ]
      },
      "1": {
        "loc": { "start": { "line": 17, "column": 4 }, "end": { "line": 22, "column": null } },
        "type": "if",
        "locations": [{ "start": { "line": 17, "column": 4 }, "end": { "line": 22, "column": null } }]
      },
      "2": {
        "loc": { "start": { "line": 38, "column": 11 }, "end": { "line": 38, "column": 29 } },
        "type": "cond-expr",
        "locations": [
          { "start": { "line": 38, "column": 18 }, "end": { "line": 38, "column": 22 } },
          { "start": { "line": 38, "column": 25 }, "end": { "line": 38, "column": 29 } }
        ]
      },
      "3": {
        "loc": { "start": { "line": 43, "column": 11 }, "end": { "line": 43, "column": 30 } },
        "type": "cond-expr",
        "locations": [
          { "start": { "line": 43, "column": 18 }, "end": { "line": 43, "column": 22 } },
          { "start": { "line": 43, "column": 25 }, "end": { "line": 43, "column": 30 } }
        ]
      }
    },
    "s": {
      "0": 2,
      "1": 0,
      "2": 0,
      "3": 0,
      "4": 0,
      "5": 0,
      "6": 0,
      "7": 0,
      "8": 0,
      "9": 0,
      "10": 0,
      "11": 0,
      "12": 0,
      "13": 0,
      "14": 0,
      "15": 0,
      "16": 2
    },
    "f": { "0": 0, "1": 0, "2": 0, "3": 0, "4": 0 },
    "b": { "0": [0, 0], "1": [0], "2": [0, 0], "3": [0, 0] }
  },
  "D:\\game-store-backend\\src\\DA\\repositories\\product\\productTypeOrmRepository.ts": {
    "path": "D:\\game-store-backend\\src\\DA\\repositories\\product\\productTypeOrmRepository.ts",
    "statementMap": {
      "0": { "start": { "line": 1, "column": 0 }, "end": { "line": 1, "column": 40 } },
      "1": { "start": { "line": 2, "column": 0 }, "end": { "line": 2, "column": 45 } },
      "2": { "start": { "line": 3, "column": 0 }, "end": { "line": 3, "column": 94 } },
      "3": { "start": { "line": 4, "column": 0 }, "end": { "line": 4, "column": 82 } },
      "4": { "start": { "line": 5, "column": 0 }, "end": { "line": 5, "column": 66 } },
      "5": { "start": { "line": 7, "column": 0 }, "end": { "line": 7, "column": 63 } },
      "6": { "start": { "line": 8, "column": 0 }, "end": { "line": 8, "column": 61 } },
      "7": { "start": { "line": 9, "column": 0 }, "end": { "line": 9, "column": 59 } },
      "8": { "start": { "line": 13, "column": 39 }, "end": { "line": 15, "column": 6 } },
      "9": { "start": { "line": 16, "column": 4 }, "end": { "line": 16, "column": 30 } },
      "10": { "start": { "line": 20, "column": 17 }, "end": { "line": 20, "column": 57 } },
      "11": { "start": { "line": 21, "column": 4 }, "end": { "line": 21, "column": 16 } },
      "12": { "start": { "line": 25, "column": 25 }, "end": { "line": 25, "column": 73 } },
      "13": { "start": { "line": 26, "column": 4 }, "end": { "line": 26, "column": 54 } },
      "14": { "start": { "line": 29, "column": 42 }, "end": { "line": 29, "column": 44 } },
      "15": { "start": { "line": 30, "column": 4 }, "end": { "line": 34, "column": null } },
      "16": { "start": { "line": 31, "column": 6 }, "end": { "line": 33, "column": 9 } },
      "17": { "start": { "line": 32, "column": 42 }, "end": { "line": 32, "column": 53 } },
      "18": { "start": { "line": 35, "column": 4 }, "end": { "line": 35, "column": 35 } },
      "19": { "start": { "line": 36, "column": 17 }, "end": { "line": 40, "column": 8 } },
      "20": { "start": { "line": 39, "column": 8 }, "end": { "line": 39, "column": 45 } },
      "21": { "start": { "line": 41, "column": 4 }, "end": { "line": 41, "column": 16 } },
      "22": { "start": { "line": 45, "column": 26 }, "end": { "line": 45, "column": 80 } },
      "23": { "start": { "line": 46, "column": 23 }, "end": { "line": 46, "column": 74 } },
      "24": { "start": { "line": 48, "column": 29 }, "end": { "line": 50, "column": null } },
      "25": { "start": { "line": 52, "column": 4 }, "end": { "line": 52, "column": 16 } },
      "26": { "start": { "line": 56, "column": 20 }, "end": { "line": 56, "column": 49 } },
      "27": { "start": { "line": 57, "column": 4 }, "end": { "line": 57, "column": 30 } },
      "28": { "start": { "line": 57, "column": 18 }, "end": { "line": 57, "column": 30 } },
      "29": { "start": { "line": 59, "column": 4 }, "end": { "line": 59, "column": 43 } },
      "30": { "start": { "line": 61, "column": 29 }, "end": { "line": 61, "column": 50 } },
      "31": { "start": { "line": 62, "column": 19 }, "end": { "line": 62, "column": 108 } },
      "32": { "start": { "line": 64, "column": 4 }, "end": { "line": 72, "column": null } },
      "33": { "start": { "line": 65, "column": 6 }, "end": { "line": 65, "column": 39 } },
      "34": { "start": { "line": 66, "column": 6 }, "end": { "line": 66, "column": 45 } },
      "35": { "start": { "line": 67, "column": 6 }, "end": { "line": 67, "column": 42 } },
      "36": { "start": { "line": 68, "column": 6 }, "end": { "line": 68, "column": 61 } },
      "37": { "start": { "line": 70, "column": 6 }, "end": { "line": 70, "column": 55 } },
      "38": { "start": { "line": 71, "column": 6 }, "end": { "line": 71, "column": 61 } },
      "39": { "start": { "line": 74, "column": 22 }, "end": { "line": 78, "column": 16 } },
      "40": { "start": { "line": 80, "column": 4 }, "end": { "line": 83, "column": null } },
      "41": { "start": { "line": 81, "column": 6 }, "end": { "line": 81, "column": 50 } },
      "42": { "start": { "line": 82, "column": 6 }, "end": { "line": 82, "column": 33 } },
      "43": { "start": { "line": 84, "column": 4 }, "end": { "line": 84, "column": 41 } },
      "44": { "start": { "line": 11, "column": 0 }, "end": { "line": 11, "column": 21 } }
    },
    "fnMap": {
      "0": {
        "name": "(anonymous_7)",
        "decl": { "start": { "line": 12, "column": 15 }, "end": { "line": 12, "column": 22 } },
        "loc": { "start": { "line": 12, "column": 33 }, "end": { "line": 17, "column": null } }
      },
      "1": {
        "name": "(anonymous_9)",
        "decl": { "start": { "line": 19, "column": 15 }, "end": { "line": 19, "column": 21 } },
        "loc": { "start": { "line": 19, "column": 68 }, "end": { "line": 22, "column": null } }
      },
      "2": {
        "name": "(anonymous_11)",
        "decl": { "start": { "line": 24, "column": 15 }, "end": { "line": 24, "column": 21 } },
        "loc": { "start": { "line": 24, "column": 32 }, "end": { "line": 27, "column": null } }
      },
      "3": {
        "name": "(anonymous_13)",
        "decl": { "start": { "line": 28, "column": 15 }, "end": { "line": 28, "column": 21 } },
        "loc": { "start": { "line": 28, "column": 68 }, "end": { "line": 42, "column": null } }
      },
      "4": {
        "name": "(anonymous_15)",
        "decl": { "start": { "line": 32, "column": 33 }, "end": { "line": 32, "column": 34 } },
        "loc": { "start": { "line": 32, "column": 42 }, "end": { "line": 32, "column": 53 } }
      },
      "5": {
        "name": "(anonymous_16)",
        "decl": { "start": { "line": 38, "column": 13 }, "end": { "line": 38, "column": 14 } },
        "loc": { "start": { "line": 38, "column": 24 }, "end": { "line": 40, "column": 7 } }
      },
      "6": {
        "name": "(anonymous_17)",
        "decl": { "start": { "line": 44, "column": 15 }, "end": { "line": 44, "column": 30 } },
        "loc": { "start": { "line": 44, "column": 63 }, "end": { "line": 53, "column": null } }
      },
      "7": {
        "name": "(anonymous_19)",
        "decl": { "start": { "line": 55, "column": 15 }, "end": { "line": 55, "column": 26 } },
        "loc": { "start": { "line": 55, "column": 64 }, "end": { "line": 85, "column": null } }
      }
    },
    "branchMap": {
      "0": {
        "loc": { "start": { "line": 16, "column": 11 }, "end": { "line": 16, "column": 29 } },
        "type": "cond-expr",
        "locations": [
          { "start": { "line": 16, "column": 18 }, "end": { "line": 16, "column": 22 } },
          { "start": { "line": 16, "column": 25 }, "end": { "line": 16, "column": 29 } }
        ]
      },
      "1": {
        "loc": { "start": { "line": 19, "column": 40 }, "end": { "line": 19, "column": 68 } },
        "type": "default-arg",
        "locations": [{ "start": { "line": 19, "column": 66 }, "end": { "line": 19, "column": 68 } }]
      },
      "2": {
        "loc": { "start": { "line": 26, "column": 11 }, "end": { "line": 26, "column": 53 } },
        "type": "cond-expr",
        "locations": [
          { "start": { "line": 26, "column": 41 }, "end": { "line": 26, "column": 45 } },
          { "start": { "line": 26, "column": 48 }, "end": { "line": 26, "column": 53 } }
        ]
      },
      "3": {
        "loc": { "start": { "line": 28, "column": 40 }, "end": { "line": 28, "column": 68 } },
        "type": "default-arg",
        "locations": [{ "start": { "line": 28, "column": 66 }, "end": { "line": 28, "column": 68 } }]
      },
      "4": {
        "loc": { "start": { "line": 30, "column": 4 }, "end": { "line": 34, "column": null } },
        "type": "if",
        "locations": [{ "start": { "line": 30, "column": 4 }, "end": { "line": 34, "column": null } }]
      },
      "5": {
        "loc": { "start": { "line": 57, "column": 4 }, "end": { "line": 57, "column": 30 } },
        "type": "if",
        "locations": [{ "start": { "line": 57, "column": 4 }, "end": { "line": 57, "column": 30 } }]
      },
      "6": {
        "loc": { "start": { "line": 64, "column": 4 }, "end": { "line": 72, "column": null } },
        "type": "if",
        "locations": [
          { "start": { "line": 64, "column": 4 }, "end": { "line": 72, "column": null } },
          { "start": { "line": 69, "column": 11 }, "end": { "line": 72, "column": null } }
        ]
      },
      "7": {
        "loc": { "start": { "line": 80, "column": 4 }, "end": { "line": 83, "column": null } },
        "type": "if",
        "locations": [{ "start": { "line": 80, "column": 4 }, "end": { "line": 83, "column": null } }]
      }
    },
    "s": {
      "0": 2,
      "1": 2,
      "2": 2,
      "3": 2,
      "4": 2,
      "5": 2,
      "6": 2,
      "7": 2,
      "8": 0,
      "9": 0,
      "10": 0,
      "11": 0,
      "12": 0,
      "13": 0,
      "14": 0,
      "15": 0,
      "16": 0,
      "17": 0,
      "18": 0,
      "19": 0,
      "20": 0,
      "21": 0,
      "22": 0,
      "23": 0,
      "24": 0,
      "25": 0,
      "26": 0,
      "27": 0,
      "28": 0,
      "29": 0,
      "30": 0,
      "31": 0,
      "32": 0,
      "33": 0,
      "34": 0,
      "35": 0,
      "36": 0,
      "37": 0,
      "38": 0,
      "39": 0,
      "40": 0,
      "41": 0,
      "42": 0,
      "43": 0,
      "44": 2
    },
    "f": { "0": 0, "1": 0, "2": 0, "3": 0, "4": 0, "5": 0, "6": 0, "7": 0 },
    "b": { "0": [0, 0], "1": [0], "2": [0, 0], "3": [0], "4": [0], "5": [0], "6": [0, 0], "7": [0] }
  },
  "D:\\game-store-backend\\src\\DA\\repositories\\product\\productTypegooseRepository.ts": {
    "path": "D:\\game-store-backend\\src\\DA\\repositories\\product\\productTypegooseRepository.ts",
    "statementMap": {
      "0": { "start": { "line": 1, "column": 0 }, "end": { "line": 1, "column": 48 } },
      "1": { "start": { "line": 2, "column": 0 }, "end": { "line": 2, "column": 45 } },
      "2": { "start": { "line": 3, "column": 0 }, "end": { "line": 3, "column": 94 } },
      "3": { "start": { "line": 4, "column": 0 }, "end": { "line": 4, "column": 95 } },
      "4": { "start": { "line": 5, "column": 0 }, "end": { "line": 5, "column": 66 } },
      "5": { "start": { "line": 7, "column": 0 }, "end": { "line": 7, "column": 65 } },
      "6": { "start": { "line": 8, "column": 0 }, "end": { "line": 8, "column": 72 } },
      "7": { "start": { "line": 12, "column": 34 }, "end": { "line": 14, "column": 6 } },
      "8": { "start": { "line": 15, "column": 4 }, "end": { "line": 15, "column": 16 } },
      "9": { "start": { "line": 19, "column": 39 }, "end": { "line": 19, "column": 41 } },
      "10": { "start": { "line": 20, "column": 4 }, "end": { "line": 23, "column": null } },
      "11": { "start": { "line": 21, "column": 6 }, "end": { "line": 21, "column": 68 } },
      "12": { "start": { "line": 22, "column": 6 }, "end": { "line": 22, "column": 37 } },
      "13": { "start": { "line": 24, "column": 4 }, "end": { "line": 24, "column": 80 } },
      "14": { "start": { "line": 25, "column": 17 }, "end": { "line": 25, "column": 92 } },
      "15": { "start": { "line": 26, "column": 4 }, "end": { "line": 26, "column": 16 } },
      "16": { "start": { "line": 30, "column": 17 }, "end": { "line": 30, "column": 58 } },
      "17": { "start": { "line": 31, "column": 4 }, "end": { "line": 31, "column": 50 } },
      "18": { "start": { "line": 34, "column": 39 }, "end": { "line": 34, "column": 41 } },
      "19": { "start": { "line": 35, "column": 4 }, "end": { "line": 37, "column": null } },
      "20": { "start": { "line": 36, "column": 6 }, "end": { "line": 36, "column": 68 } },
      "21": { "start": { "line": 38, "column": 4 }, "end": { "line": 38, "column": 35 } },
      "22": { "start": { "line": 39, "column": 27 }, "end": { "line": 41, "column": 6 } },
      "23": { "start": { "line": 40, "column": 6 }, "end": { "line": 40, "column": 43 } },
      "24": { "start": { "line": 42, "column": 4 }, "end": { "line": 42, "column": 16 } },
      "25": { "start": { "line": 47, "column": 20 }, "end": { "line": 47, "column": 22 } },
      "26": { "start": { "line": 49, "column": 34 }, "end": { "line": 52, "column": 6 } },
      "27": { "start": { "line": 54, "column": 4 }, "end": { "line": 59, "column": null } },
      "28": { "start": { "line": 55, "column": 31 }, "end": { "line": 55, "column": 87 } },
      "29": { "start": { "line": 56, "column": 6 }, "end": { "line": 56, "column": 84 } },
      "30": { "start": { "line": 57, "column": 6 }, "end": { "line": 57, "column": 44 } },
      "31": { "start": { "line": 58, "column": 6 }, "end": { "line": 58, "column": 42 } },
      "32": { "start": { "line": 61, "column": 29 }, "end": { "line": 66, "column": 24 } },
      "33": { "start": { "line": 67, "column": 4 }, "end": { "line": 67, "column": 16 } },
      "34": { "start": { "line": 71, "column": 20 }, "end": { "line": 71, "column": 49 } },
      "35": { "start": { "line": 73, "column": 4 }, "end": { "line": 118, "column": 23 } },
      "36": { "start": { "line": 75, "column": 36 }, "end": { "line": 85, "column": null } },
      "37": { "start": { "line": 88, "column": 6 }, "end": { "line": 105, "column": null } },
      "38": { "start": { "line": 90, "column": 8 }, "end": { "line": 99, "column": 10 } },
      "39": { "start": { "line": 100, "column": 8 }, "end": { "line": 100, "column": 39 } },
      "40": { "start": { "line": 101, "column": 8 }, "end": { "line": 101, "column": 56 } },
[...]
      "43": { "start": { "line": 77, "column": 2 }, "end": { "line": 90, "column": 4 } },
      "44": { "start": { "line": 81, "column": 29 }, "end": { "line": 89, "column": null } },
      "45": { "start": { "line": 82, "column": 6 }, "end": { "line": 88, "column": 35 } },
      "46": { "start": { "line": 84, "column": 10 }, "end": { "line": 84, "column": 106 } },
      "47": { "start": { "line": 84, "column": 25 }, "end": { "line": 84, "column": 106 } },
      "48": { "start": { "line": 86, "column": 10 }, "end": { "line": 86, "column": 41 } },
      "49": { "start": { "line": 88, "column": 24 }, "end": { "line": 88, "column": 33 } },
      "50": { "start": { "line": 92, "column": 2 }, "end": { "line": 106, "column": 4 } },
      "51": { "start": { "line": 96, "column": 29 }, "end": { "line": 105, "column": null } },
      "52": { "start": { "line": 97, "column": 30 }, "end": { "line": 97, "column": 38 } },
      "53": { "start": { "line": 98, "column": 34 }, "end": { "line": 100, "column": 8 } },
      "54": { "start": { "line": 102, "column": 6 }, "end": { "line": 104, "column": 35 } },
      "55": { "start": { "line": 103, "column": 31 }, "end": { "line": 103, "column": 64 } },
      "56": { "start": { "line": 104, "column": 24 }, "end": { "line": 104, "column": 33 } },
      "57": { "start": { "line": 108, "column": 2 }, "end": { "line": 129, "column": 4 } },
      "58": { "start": { "line": 112, "column": 29 }, "end": { "line": 128, "column": null } },
      "59": { "start": { "line": 113, "column": 6 }, "end": { "line": 127, "column": 35 } },
      "60": { "start": { "line": 114, "column": 33 }, "end": { "line": 126, "column": 10 } },
      "61": { "start": { "line": 115, "column": 10 }, "end": { "line": 125, "column": null } },
      "62": { "start": { "line": 115, "column": 33 }, "end": { "line": 115, "column": 114 } },
      "63": { "start": { "line": 117, "column": 36 }, "end": { "line": 117, "column": 44 } },
      "64": { "start": { "line": 118, "column": 47 }, "end": { "line": 121, "column": 14 } },
      "65": { "start": { "line": 122, "column": 12 }, "end": { "line": 124, "column": 15 } },
      "66": { "start": { "line": 123, "column": 14 }, "end": { "line": 123, "column": 52 } },
      "67": { "start": { "line": 127, "column": 24 }, "end": { "line": 127, "column": 33 } },
      "68": { "start": { "line": 131, "column": 2 }, "end": { "line": 143, "column": 4 } },
      "69": { "start": { "line": 135, "column": 29 }, "end": { "line": 142, "column": null } },
      "70": { "start": { "line": 136, "column": 6 }, "end": { "line": 141, "column": 35 } },
      "71": { "start": { "line": 138, "column": 10 }, "end": { "line": 139, "column": 96 } },
      "72": { "start": { "line": 138, "column": 22 }, "end": { "line": 138, "column": 42 } },
      "73": { "start": { "line": 139, "column": 15 }, "end": { "line": 139, "column": 96 } },
      "74": { "start": { "line": 141, "column": 24 }, "end": { "line": 141, "column": 33 } },
      "75": { "start": { "line": 9, "column": 13 }, "end": { "line": 9, "column": 27 } }
    },
    "fnMap": {
      "0": {
        "name": "(anonymous_8)",
        "decl": { "start": { "line": 9, "column": 27 }, "end": { "line": 9, "column": 28 } },
        "loc": { "start": { "line": 9, "column": 52 }, "end": { "line": 144, "column": 1 } }
      },
      "1": {
        "name": "(anonymous_9)",
        "decl": { "start": { "line": 10, "column": 58 }, "end": { "line": 10, "column": 65 } },
        "loc": { "start": { "line": 10, "column": 83 }, "end": { "line": 18, "column": 4 } }
      },
      "2": {
        "name": "(anonymous_10)",
        "decl": { "start": { "line": 10, "column": 83 }, "end": { "line": 10, "column": null } },
        "loc": { "start": { "line": 10, "column": 83 }, "end": { "line": 18, "column": 3 } }
      },
      "3": {
        "name": "(anonymous_11)",
        "decl": { "start": { "line": 12, "column": 12 }, "end": { "line": 12, "column": 13 } },
        "loc": { "start": { "line": 12, "column": 24 }, "end": { "line": 15, "column": 7 } }
      },
      "4": {
        "name": "(anonymous_12)",
        "decl": { "start": { "line": 16, "column": 13 }, "end": { "line": 16, "column": 14 } },
        "loc": { "start": { "line": 16, "column": 22 }, "end": { "line": 16, "column": 31 } }
      },
      "5": {
        "name": "(anonymous_13)",
        "decl": { "start": { "line": 20, "column": 55 }, "end": { "line": 20, "column": 62 } },
        "loc": { "start": { "line": 20, "column": 80 }, "end": { "line": 40, "column": 4 } }
      },
      "6": {
        "name": "(anonymous_14)",
        "decl": { "start": { "line": 20, "column": 80 }, "end": { "line": 20, "column": null } },
        "loc": { "start": { "line": 20, "column": 80 }, "end": { "line": 40, "column": 3 } }
      },
      "7": {
        "name": "(anonymous_15)",
        "decl": { "start": { "line": 42, "column": 60 }, "end": { "line": 42, "column": 67 } },
        "loc": { "start": { "line": 42, "column": 85 }, "end": { "line": 66, "column": 4 } }
      },
      "8": {
        "name": "(anonymous_16)",
        "decl": { "start": { "line": 42, "column": 85 }, "end": { "line": 42, "column": null } },
        "loc": { "start": { "line": 42, "column": 85 }, "end": { "line": 66, "column": 3 } }
      },
      "9": {
        "name": "(anonymous_17)",
        "decl": { "start": { "line": 44, "column": 12 }, "end": { "line": 44, "column": 19 } },
        "loc": { "start": { "line": 44, "column": 30 }, "end": { "line": 64, "column": 8 } }
      },
      "10": {
        "name": "(anonymous_18)",
        "decl": { "start": { "line": 44, "column": 30 }, "end": { "line": 44, "column": null } },
        "loc": { "start": { "line": 44, "column": 30 }, "end": { "line": 64, "column": 7 } }
      },
      "11": {
        "name": "(anonymous_19)",
        "decl": { "start": { "line": 59, "column": 12 }, "end": { "line": 59, "column": 13 } },
        "loc": { "start": { "line": 59, "column": 31 }, "end": { "line": 61, "column": 13 } }
      },
      "12": {
        "name": "(anonymous_20)",
        "decl": { "start": { "line": 65, "column": 13 }, "end": { "line": 65, "column": 14 } },
        "loc": { "start": { "line": 65, "column": 22 }, "end": { "line": 65, "column": 31 } }
      },
      "13": {
        "name": "(anonymous_21)",
        "decl": { "start": { "line": 68, "column": 61 }, "end": { "line": 68, "column": 68 } },
        "loc": { "start": { "line": 68, "column": 86 }, "end": { "line": 75, "column": 4 } }
      },
      "14": {
        "name": "(anonymous_22)",
        "decl": { "start": { "line": 68, "column": 86 }, "end": { "line": 68, "column": null } },
        "loc": { "start": { "line": 68, "column": 86 }, "end": { "line": 75, "column": 3 } }
      },
      "15": {
        "name": "(anonymous_23)",
        "decl": { "start": { "line": 70, "column": 12 }, "end": { "line": 70, "column": 13 } },
        "loc": { "start": { "line": 70, "column": 23 }, "end": { "line": 73, "column": 7 } }
      },
      "16": {
        "name": "(anonymous_24)",
        "decl": { "start": { "line": 74, "column": 13 }, "end": { "line": 74, "column": 14 } },
        "loc": { "start": { "line": 74, "column": 22 }, "end": { "line": 74, "column": 31 } }
      },
      "17": {
        "name": "(anonymous_25)",
        "decl": { "start": { "line": 81, "column": 4 }, "end": { "line": 81, "column": 11 } },
        "loc": { "start": { "line": 81, "column": 29 }, "end": { "line": 89, "column": null } }
      },
      "18": {
        "name": "(anonymous_26)",
        "decl": { "start": { "line": 81, "column": 29 }, "end": { "line": 81, "column": null } },
        "loc": { "start": { "line": 81, "column": 29 }, "end": { "line": 89, "column": 5 } }
      },
      "19": {
        "name": "(anonymous_27)",
        "decl": { "start": { "line": 83, "column": 14 }, "end": { "line": 83, "column": 15 } },
        "loc": { "start": { "line": 83, "column": 27 }, "end": { "line": 87, "column": 9 } }
      },
      "20": {
        "name": "(anonymous_28)",
        "decl": { "start": { "line": 88, "column": 15 }, "end": { "line": 88, "column": 16 } },
        "loc": { "start": { "line": 88, "column": 24 }, "end": { "line": 88, "column": 33 } }
      },
      "21": {
        "name": "(anonymous_29)",
        "decl": { "start": { "line": 96, "column": 4 }, "end": { "line": 96, "column": 11 } },
        "loc": { "start": { "line": 96, "column": 29 }, "end": { "line": 105, "column": null } }
      },
      "22": {
        "name": "(anonymous_30)",
        "decl": { "start": { "line": 96, "column": 29 }, "end": { "line": 96, "column": null } },
        "loc": { "start": { "line": 96, "column": 29 }, "end": { "line": 105, "column": 5 } }
      },
      "23": {
        "name": "(anonymous_31)",
        "decl": { "start": { "line": 103, "column": 14 }, "end": { "line": 103, "column": 15 } },
        "loc": { "start": { "line": 103, "column": 31 }, "end": { "line": 103, "column": 64 } }
      },
      "24": {
        "name": "(anonymous_32)",
        "decl": { "start": { "line": 104, "column": 15 }, "end": { "line": 104, "column": 16 } },
        "loc": { "start": { "line": 104, "column": 24 }, "end": { "line": 104, "column": 33 } }
      },
      "25": {
        "name": "(anonymous_33)",
        "decl": { "start": { "line": 112, "column": 4 }, "end": { "line": 112, "column": 11 } },
        "loc": { "start": { "line": 112, "column": 29 }, "end": { "line": 128, "column": null } }
      },
      "26": {
        "name": "(anonymous_34)",
        "decl": { "start": { "line": 112, "column": 29 }, "end": { "line": 112, "column": null } },
        "loc": { "start": { "line": 112, "column": 29 }, "end": { "line": 128, "column": 5 } }
      },
      "27": {
        "name": "(anonymous_35)",
        "decl": { "start": { "line": 114, "column": 14 }, "end": { "line": 114, "column": 21 } },
        "loc": { "start": { "line": 114, "column": 33 }, "end": { "line": 126, "column": 10 } }
      },
      "28": {
        "name": "(anonymous_36)",
        "decl": { "start": { "line": 114, "column": 33 }, "end": { "line": 114, "column": null } },
        "loc": { "start": { "line": 114, "column": 33 }, "end": { "line": 126, "column": 9 } }
      },
      "29": {
        "name": "(anonymous_37)",
        "decl": { "start": { "line": 122, "column": 66 }, "end": { "line": 122, "column": 67 } },
        "loc": { "start": { "line": 122, "column": 86 }, "end": { "line": 124, "column": 13 } }
      },
      "30": {
        "name": "(anonymous_38)",
        "decl": { "start": { "line": 127, "column": 15 }, "end": { "line": 127, "column": 16 } },
        "loc": { "start": { "line": 127, "column": 24 }, "end": { "line": 127, "column": 33 } }
      },
      "31": {
        "name": "(anonymous_39)",
        "decl": { "start": { "line": 135, "column": 4 }, "end": { "line": 135, "column": 11 } },
        "loc": { "start": { "line": 135, "column": 29 }, "end": { "line": 142, "column": null } }
      },
      "32": {
        "name": "(anonymous_40)",
        "decl": { "start": { "line": 135, "column": 29 }, "end": { "line": 135, "column": null } },
        "loc": { "start": { "line": 135, "column": 29 }, "end": { "line": 142, "column": 5 } }
      },
      "33": {
        "name": "(anonymous_41)",
        "decl": { "start": { "line": 137, "column": 14 }, "end": { "line": 137, "column": 15 } },
        "loc": { "start": { "line": 137, "column": 25 }, "end": { "line": 140, "column": 9 } }
      },
      "34": {
        "name": "(anonymous_42)",
        "decl": { "start": { "line": 141, "column": 15 }, "end": { "line": 141, "column": 16 } },
        "loc": { "start": { "line": 141, "column": 24 }, "end": { "line": 141, "column": 33 } }
      }
    },
    "branchMap": {
      "0": {
        "loc": { "start": { "line": 13, "column": 8 }, "end": { "line": 14, "column": 43 } },
        "type": "if",
        "locations": [
          { "start": { "line": 13, "column": 8 }, "end": { "line": 14, "column": 43 } },
          { "start": { "line": 14, "column": 13 }, "end": { "line": 14, "column": 43 } }
        ]
      },
      "1": {
        "loc": { "start": { "line": 33, "column": 65 }, "end": { "line": 33, "column": 111 } },
        "type": "cond-expr",
        "locations": [
          { "start": { "line": 33, "column": 81 }, "end": { "line": 33, "column": 106 } },
          { "start": { "line": 33, "column": 109 }, "end": { "line": 33, "column": 111 } }
        ]
      },
      "2": {
        "loc": { "start": { "line": 45, "column": 8 }, "end": { "line": 63, "column": null } },
        "type": "if",
        "locations": [
          { "start": { "line": 45, "column": 8 }, "end": { "line": 63, "column": null } },
          { "start": { "line": 46, "column": 13 }, "end": { "line": 63, "column": null } }
        ]
      },
      "3": {
        "loc": { "start": { "line": 50, "column": 25 }, "end": { "line": 50, "column": 59 } },
        "type": "binary-expr",
        "locations": [
          { "start": { "line": 50, "column": 25 }, "end": { "line": 50, "column": 36 } },
          { "start": { "line": 50, "column": 40 }, "end": { "line": 50, "column": 59 } }
        ]
      },
      "4": {
        "loc": { "start": { "line": 53, "column": 19 }, "end": { "line": 53, "column": 41 } },
        "type": "binary-expr",
        "locations": [
          { "start": { "line": 53, "column": 19 }, "end": { "line": 53, "column": 24 } },
          { "start": { "line": 53, "column": 28 }, "end": { "line": 53, "column": 41 } }
        ]
      },
      "5": {
        "loc": { "start": { "line": 54, "column": 25 }, "end": { "line": 54, "column": 59 } },
        "type": "binary-expr",
        "locations": [
          { "start": { "line": 54, "column": 25 }, "end": { "line": 54, "column": 36 } },
          { "start": { "line": 54, "column": 40 }, "end": { "line": 54, "column": 59 } }
        ]
      },
      "6": {
        "loc": { "start": { "line": 58, "column": 57 }, "end": { "line": 58, "column": 103 } },
        "type": "cond-expr",
        "locations": [
          { "start": { "line": 58, "column": 73 }, "end": { "line": 58, "column": 98 } },
          { "start": { "line": 58, "column": 101 }, "end": { "line": 58, "column": 103 } }
        ]
      },
      "7": {
        "loc": { "start": { "line": 71, "column": 8 }, "end": { "line": 72, "column": 93 } },
        "type": "if",
        "locations": [
          { "start": { "line": 71, "column": 8 }, "end": { "line": 72, "column": 93 } },
          { "start": { "line": 72, "column": 13 }, "end": { "line": 72, "column": 93 } }
        ]
      },
      "8": {
        "loc": { "start": { "line": 84, "column": 10 }, "end": { "line": 84, "column": 106 } },
        "type": "if",
        "locations": [{ "start": { "line": 84, "column": 10 }, "end": { "line": 84, "column": 106 } }]
      },
      "9": {
        "loc": { "start": { "line": 115, "column": 10 }, "end": { "line": 125, "column": null } },
        "type": "if",
        "locations": [
          { "start": { "line": 115, "column": 10 }, "end": { "line": 125, "column": null } },
          { "start": { "line": 116, "column": 15 }, "end": { "line": 125, "column": null } }
        ]
      },
      "10": {
        "loc": { "start": { "line": 120, "column": 27 }, "end": { "line": 120, "column": 62 } },
        "type": "binary-expr",
        "locations": [
          { "start": { "line": 120, "column": 27 }, "end": { "line": 120, "column": 38 } },
          { "start": { "line": 120, "column": 42 }, "end": { "line": 120, "column": 62 } }
        ]
      },
      "11": {
        "loc": { "start": { "line": 138, "column": 10 }, "end": { "line": 139, "column": 96 } },
        "type": "if",
        "locations": [
          { "start": { "line": 138, "column": 10 }, "end": { "line": 139, "column": 96 } },
          { "start": { "line": 139, "column": 15 }, "end": { "line": 139, "column": 96 } }
        ]
      }
    },
    "s": {
      "0": 1,
      "1": 1,
      "2": 1,
      "3": 1,
      "4": 1,
      "5": 1,
      "6": 1,
      "7": 2,
      "8": 2,
      "9": 2,
      "10": 1,
      "11": 1,
      "12": 0,
      "13": 2,
      "14": 1,
      "15": 1,
      "16": 1,
      "17": 1,
      "18": 1,
      "19": 1,
      "20": 1,
      "21": 1,
      "22": 0,
      "23": 1,
      "24": 1,
      "25": 1,
      "26": 1,
      "27": 1,
      "28": 1,
      "29": 0,
      "30": 1,
      "31": 1,
      "32": 1,
      "33": 1,
      "34": 1,
      "35": 0,
      "36": 1,
      "37": 1,
      "38": 1,
      "39": 1,
      "40": 1,
      "41": 0,
      "42": 0,
      "43": 1,
      "44": 0,
      "45": 0,
      "46": 0,
      "47": 0,
      "48": 0,
      "49": 0,
      "50": 1,
      "51": 0,
      "52": 0,
      "53": 0,
      "54": 0,
      "55": 0,
      "56": 0,
      "57": 1,
      "58": 0,
      "59": 0,
      "60": 0,
      "61": 0,
      "62": 0,
      "63": 0,
      "64": 0,
      "65": 0,
      "66": 0,
      "67": 0,
      "68": 1,
      "69": 0,
      "70": 0,
      "71": 0,
      "72": 0,
      "73": 0,
      "74": 0,
      "75": 1
    },
    "f": {
      "0": 1,
      "1": 2,
      "2": 2,
      "3": 2,
      "4": 0,
      "5": 1,
      "6": 1,
      "7": 1,
      "8": 1,
      "9": 1,
      "10": 1,
      "11": 1,
      "12": 0,
      "13": 1,
      "14": 1,
      "15": 1,
      "16": 0,
      "17": 0,
      "18": 0,
      "19": 0,
      "20": 0,
      "21": 0,
      "22": 0,
      "23": 0,
      "24": 0,
      "25": 0,
      "26": 0,
      "27": 0,
      "28": 0,
      "29": 0,
      "30": 0,
      "31": 0,
      "32": 0,
      "33": 0,
      "34": 0
    },
    "b": {
      "0": [1, 1],
      "1": [0, 1],
      "2": [0, 1],
      "3": [1, 0],
      "4": [1, 0],
      "5": [1, 1],
      "6": [0, 1],
      "7": [1, 0],
      "8": [0],
      "9": [0, 0],
      "10": [0, 0],
      "11": [0, 0]
    }
  },
  "D:\\game-store-backend\\src\\routes\\product.routes.ts": {
    "path": "D:\\game-store-backend\\src\\routes\\product.routes.ts",
    "statementMap": {
      "0": { "start": { "line": 2, "column": 0 }, "end": { "line": 2, "column": 42 } },
      "1": { "start": { "line": 4, "column": 29 }, "end": { "line": 16, "column": 1 } },
      "2": { "start": { "line": 5, "column": 2 }, "end": { "line": 15, "column": 5 } },
      "3": { "start": { "line": 5, "column": 70 }, "end": { "line": 15, "column": 4 } },
      "4": { "start": { "line": 6, "column": 22 }, "end": { "line": 6, "column": 25 } },
      "5": { "start": { "line": 7, "column": 4 }, "end": { "line": 12, "column": null } },
      "6": { "start": { "line": 8, "column": 23 }, "end": { "line": 8, "column": 69 } },
      "7": { "start": { "line": 9, "column": 6 }, "end": { "line": 9, "column": 37 } },
      "8": { "start": { "line": 11, "column": 6 }, "end": { "line": 11, "column": 16 } },
      "9": { "start": { "line": 14, "column": 4 }, "end": { "line": 14, "column": 11 } },
      "10": { "start": { "line": 4, "column": 13 }, "end": { "line": 4, "column": 29 } }
    },
    "fnMap": {
      "0": {
        "name": "(anonymous_7)",
        "decl": { "start": { "line": 4, "column": 29 }, "end": { "line": 4, "column": 30 } },
        "loc": { "start": { "line": 4, "column": 54 }, "end": { "line": 16, "column": 1 } }
      },
      "1": {
        "name": "(anonymous_8)",
        "decl": { "start": { "line": 5, "column": 26 }, "end": { "line": 5, "column": 33 } },
        "loc": { "start": { "line": 5, "column": 70 }, "end": { "line": 15, "column": 4 } }
      },
      "2": {
        "name": "(anonymous_9)",
        "decl": { "start": { "line": 5, "column": 70 }, "end": { "line": 5, "column": null } },
        "loc": { "start": { "line": 5, "column": 70 }, "end": { "line": 15, "column": 3 } }
      }
    },
    "branchMap": {},
    "s": { "0": 1, "1": 1, "2": 1, "3": 1, "4": 1, "5": 1, "6": 1, "7": 1, "8": 0, "9": 1, "10": 1 },
    "f": { "0": 1, "1": 1, "2": 1 },
    "b": {}
  }
}
