TN:
SF:src\helpers\logger.ts
FN:4,(anonymous_0)
FNF:1
FNH:0
FNDA:0,(anonymous_0)
DA:1,2
DA:2,2
DA:4,2
DA:5,0
DA:8,2
DA:17,2
DA:18,0
DA:25,2
LF:8
LH:6
BRDA:17,0,0,0
BRF:1
BRH:0
end_of_record
TN:
SF:src\helpers\queryHandler\category.ts
FN:4,(anonymous_0)
FNF:1
FNH:1
FNDA:6,(anonymous_0)
DA:2,1
DA:4,1
DA:5,6
DA:10,6
DA:12,5
DA:13,5
DA:14,4
DA:16,4
DA:17,3
DA:18,1
DA:21,3
DA:22,2
DA:23,1
DA:26,2
LF:14
LH:14
BRDA:10,0,0,1
BRDA:12,1,0,5
BRDA:13,2,0,4
BRDA:13,2,1,1
BRDA:13,3,0,5
BRDA:13,3,1,2
BRDA:14,4,0,3
BRDA:14,4,1,1
BRDA:16,5,0,1
BRDA:21,6,0,2
BRDA:22,7,0,1
BRDA:22,7,1,1
BRF:12
BRH:12
end_of_record
TN:
SF:src\helpers\queryHandler\index.ts
FN:51,(anonymous_0)
FNF:1
FNH:1
FNDA:8,(anonymous_0)
DA:3,1
DA:51,9
LF:2
LH:2
BRF:0
BRH:0
end_of_record
TN:
SF:src\helpers\queryHandler\pagination.ts
FN:8,(anonymous_0)
FNF:1
FNH:1
FNDA:4,(anonymous_0)
DA:8,1
DA:9,4
DA:22,4
DA:24,3
DA:25,2
DA:26,2
DA:29,3
DA:30,2
DA:31,2
DA:34,3
LF:10
LH:10
BRDA:22,0,0,1
BRDA:24,1,0,2
BRDA:25,2,0,2
BRDA:25,2,1,0
BRDA:26,3,0,2
BRDA:26,3,1,0
BRDA:29,4,0,2
BRF:7
BRH:5
end_of_record
TN:
SF:src\helpers\queryHandler\product.ts
FN:5,(anonymous_0)
FN:40,(anonymous_1)
FNF:2
FNH:2
FNDA:8,(anonymous_0)
FNDA:4,(anonymous_1)
DA:2,1
DA:3,1
DA:5,1
DA:6,8
DA:17,8
DA:19,7
DA:20,4
DA:24,4
DA:27,7
DA:28,4
DA:29,3
DA:32,3
DA:33,1
DA:36,6
DA:37,3
DA:38,3
DA:39,3
DA:40,4
DA:42,2
DA:46,2
DA:48,1
DA:54,5
DA:55,2
DA:56,2
DA:57,2
DA:58,1
DA:59,1
DA:61,1
DA:62,1
DA:64,1
DA:69,4
LF:31
LH:31
BRDA:17,0,0,1
BRDA:19,1,0,4
BRDA:27,2,0,4
BRDA:28,3,0,3
BRDA:28,3,1,1
BRDA:36,4,0,3
BRDA:39,5,0,2
BRDA:39,5,1,1
BRDA:43,6,0,0
BRDA:43,6,1,2
BRDA:46,7,0,0
BRDA:46,7,1,2
BRDA:54,8,0,2
BRDA:57,9,0,1
BRDA:57,9,1,1
BRDA:59,10,0,1
BRDA:59,10,1,0
BRF:17
BRH:14
end_of_record
TN:
SF:src\helpers\validation\index.ts
FN:7,(anonymous_0)
FN:7,(anonymous_1)
FN:7,(anonymous_2)
FN:7,(anonymous_3)
FN:7,(anonymous_4)
FNF:5
FNH:3
FNDA:4,(anonymous_0)
FNDA:2,(anonymous_1)
FNDA:0,(anonymous_2)
FNDA:0,(anonymous_3)
FNDA:9,(anonymous_4)
DA:1,3
DA:2,3
DA:3,3
DA:4,3
DA:5,3
DA:7,12
LF:6
LH:6
BRF:0
BRH:0
end_of_record
TN:
SF:src\helpers\validation\product.ts
FN:3,(anonymous_0)
FNF:1
FNH:1
FNDA:2,(anonymous_0)
DA:3,3
DA:4,2
DA:6,2
DA:7,2
DA:9,2
DA:10,1
LF:6
LH:6
BRDA:6,0,0,1
BRDA:7,1,0,0
BRDA:9,2,0,1
BRF:3
BRH:2
end_of_record
TN:
SF:src\helpers\validation\rating.ts
FN:1,(anonymous_0)
FNF:1
FNH:1
FNDA:4,(anonymous_0)
DA:1,3
DA:2,4
DA:3,4
DA:4,3
DA:5,3
DA:6,1
DA:8,4
DA:9,3
LF:8
LH:8
BRDA:3,0,0,3
BRDA:3,0,1,1
BRDA:4,1,0,0
BRDA:5,2,0,2
BRDA:5,3,0,3
BRDA:5,3,1,2
BRDA:8,4,0,3
BRF:7
BRH:6
end_of_record
TN:
SF:src\helpers\validation\account\account.ts
FN:10,(anonymous_0)
FNF:1
FNH:1
FNDA:9,(anonymous_0)
DA:1,3
DA:10,3
DA:11,9
DA:13,9
DA:15,9
DA:17,8
DA:18,8
DA:21,9
DA:22,9
DA:24,9
DA:25,8
LF:11
LH:11
BRDA:13,0,0,1
BRDA:15,1,0,1
BRDA:15,1,1,8
BRDA:18,2,0,7
BRDA:21,3,0,1
BRDA:22,4,0,1
BRDA:24,5,0,8
BRF:7
BRH:7
end_of_record
TN:
SF:src\helpers\validation\account\auth.ts
FN:8,(anonymous_0)
FNF:1
FNH:0
FNDA:0,(anonymous_0)
DA:1,3
DA:8,3
DA:9,0
DA:11,0
DA:12,0
DA:14,0
DA:15,0
DA:18,0
DA:19,0
LF:9
LH:2
BRDA:11,0,0,0
BRDA:12,1,0,0
BRDA:12,1,1,0
BRDA:15,2,0,0
BRDA:18,3,0,0
BRF:5
BRH:0
end_of_record
TN:
SF:src\helpers\validation\account\profile.ts
FN:7,(anonymous_0)
FNF:1
FNH:0
FNDA:0,(anonymous_0)
DA:7,3
DA:8,0
DA:10,0
DA:11,0
DA:12,0
DA:14,0
DA:15,0
LF:7
LH:1
BRDA:10,0,0,0
BRDA:11,1,0,0
BRDA:12,2,0,0
BRDA:14,3,0,0
BRF:4
BRH:0
end_of_record
TN:
SF:src\helpers\validation\fields\password.ts
FN:1,(anonymous_0)
FNF:1
FNH:1
FNDA:8,(anonymous_0)
DA:1,3
DA:2,8
DA:4,7
DA:5,7
DA:6,7
DA:7,6
DA:9,1
LF:7
LH:7
BRDA:2,0,0,1
BRDA:6,1,0,6
BRF:2
BRH:2
end_of_record
TN:
SF:src\middlewares\errorHandler.ts
FN:6,(anonymous_1)
FN:14,(anonymous_2)
FNF:2
FNH:1
FNDA:5,(anonymous_1)
FNDA:0,(anonymous_2)
DA:3,2
DA:5,2
DA:7,5
DA:8,5
DA:14,2
DA:15,0
DA:19,0
LF:7
LH:5
BRDA:19,0,0,0
BRDA:19,0,1,0
BRF:2
BRH:0
end_of_record
