TN:
SF:src\DA\index.ts
FN:22,connect
FNF:1
FNH:0
FNDA:0,connect
DA:2,2
DA:3,2
DA:4,2
DA:5,2
DA:6,2
DA:7,2
DA:8,2
DA:9,2
DA:10,2
DA:11,2
DA:18,2
DA:23,0
DA:24,0
DA:25,0
DA:26,0
DA:27,0
DA:28,0
DA:29,0
DA:30,0
DA:31,0
DA:32,0
DA:33,0
DA:34,0
DA:38,2
LF:24
LH:12
BRDA:23,0,0,0
BRDA:23,0,1,0
BRDA:29,1,0,0
BRF:3
BRH:0
end_of_record
TN:
SF:src\DA\db\mongodb\index.ts
FN:9,(anonymous_8)
FN:24,(anonymous_9)
FN:30,(anonymous_10)
FN:45,init
FN:46,(anonymous_12)
FN:46,(anonymous_13)
FNF:6
FNH:0
FNDA:0,(anonymous_8)
FNDA:0,(anonymous_9)
FNDA:0,(anonymous_10)
FNDA:0,init
FNDA:0,(anonymous_12)
FNDA:0,(anonymous_13)
DA:1,2
DA:3,2
DA:4,2
DA:5,2
DA:6,2
DA:7,2
DA:9,2
DA:10,0
DA:12,0
DA:13,0
DA:16,0
DA:17,0
DA:23,0
DA:24,0
DA:25,0
DA:30,0
DA:31,0
DA:35,0
DA:38,0
DA:46,0
DA:47,0
DA:48,0
DA:53,0
DA:54,0
DA:55,0
DA:57,0
DA:58,0
DA:59,0
DA:61,0
DA:68,0
DA:75,0
DA:82,0
DA:90,0
DA:91,0
DA:99,0
LF:35
LH:7
BRDA:10,0,0,0
BRDA:10,0,1,0
BRDA:12,1,0,0
BRDA:16,2,0,0
BRDA:16,2,1,0
BRDA:47,3,0,0
BRF:6
BRH:0
end_of_record
TN:
SF:src\DA\db\mongodb\models\account.ts
FNF:0
FNH:0
DA:1,2
DA:5,2
DA:7,2
DA:10,2
DA:13,2
DA:16,2
DA:19,2
DA:22,2
LF:8
LH:8
BRF:0
BRH:0
end_of_record
TN:
SF:src\DA\db\mongodb\models\category.ts
FNF:0
FNH:0
DA:1,2
DA:6,2
DA:8,2
DA:11,2
DA:14,2
LF:5
LH:5
BRF:0
BRH:0
end_of_record
TN:
SF:src\DA\db\mongodb\models\lastRating.ts
FNF:0
FNH:0
DA:1,2
DA:5,2
DA:7,2
DA:10,2
DA:13,2
DA:16,2
DA:19,2
LF:7
LH:7
BRF:0
BRH:0
end_of_record
TN:
SF:src\DA\db\mongodb\models\product.ts
FNF:0
FNH:0
DA:1,2
DA:2,2
DA:8,2
DA:10,2
DA:13,2
DA:16,2
DA:19,2
DA:22,2
DA:25,2
DA:28,2
LF:10
LH:10
BRF:0
BRH:0
end_of_record
TN:
SF:src\DA\db\postgresql\index.ts
FN:8,(anonymous_8)
FN:8,(anonymous_9)
FN:10,(anonymous_10)
FN:17,(anonymous_11)
FN:25,init
FN:36,(anonymous_14)
FN:36,(anonymous_15)
FNF:7
FNH:0
FNDA:0,(anonymous_8)
FNDA:0,(anonymous_9)
FNDA:0,(anonymous_10)
FNDA:0,(anonymous_11)
FNDA:0,init
FNDA:0,(anonymous_14)
FNDA:0,(anonymous_15)
DA:1,2
DA:2,2
DA:3,2
DA:4,2
DA:5,2
DA:6,2
DA:8,2
DA:9,0
DA:11,0
DA:15,0
DA:18,0
DA:26,0
DA:27,0
DA:28,0
DA:29,0
DA:34,0
DA:35,0
DA:36,0
DA:37,0
DA:38,0
DA:39,0
DA:40,0
DA:41,0
DA:43,0
DA:44,0
DA:45,0
DA:46,0
DA:47,0
DA:49,0
DA:50,0
DA:51,0
DA:52,0
DA:53,0
DA:55,0
DA:56,0
DA:57,0
DA:58,0
DA:59,0
DA:61,0
DA:62,0
DA:63,0
DA:64,0
DA:65,0
DA:68,0
DA:69,0
DA:70,0
DA:71,0
DA:72,0
DA:73,0
DA:75,0
DA:76,0
DA:78,0
LF:52
LH:7
BRDA:28,0,0,0
BRF:1
BRH:0
end_of_record
TN:
SF:src\DA\db\postgresql\entity\account.ts
FNF:0
FNH:0
DA:1,2
DA:5,2
DA:8,2
DA:12,2
DA:15,2
DA:18,2
DA:21,2
DA:24,2
LF:8
LH:8
BRF:0
BRH:0
end_of_record
TN:
SF:src\DA\db\postgresql\entity\category.ts
FN:16,(anonymous_2)
FN:16,(anonymous_3)
FNF:2
FNH:0
FNDA:0,(anonymous_2)
FNDA:0,(anonymous_3)
DA:2,2
DA:4,2
DA:7,2
DA:10,2
DA:14,2
DA:16,0
DA:17,2
LF:7
LH:6
BRF:0
BRH:0
end_of_record
TN:
SF:src\DA\db\postgresql\entity\lastRating.ts
FN:22,(anonymous_2)
FN:22,(anonymous_3)
FNF:2
FNH:0
FNDA:0,(anonymous_2)
FNDA:0,(anonymous_3)
DA:1,2
DA:3,2
DA:6,2
DA:9,2
DA:13,2
DA:16,2
DA:20,2
DA:22,0
DA:25,2
LF:9
LH:8
BRF:0
BRH:0
end_of_record
TN:
SF:src\DA\db\postgresql\entity\product.ts
FN:18,(anonymous_2)
FN:18,(anonymous_3)
FN:24,(anonymous_4)
FN:24,(anonymous_5)
FNF:4
FNH:0
FNDA:0,(anonymous_2)
FNDA:0,(anonymous_3)
FNDA:0,(anonymous_4)
FNDA:0,(anonymous_5)
DA:2,2
DA:4,2
DA:5,2
DA:9,2
DA:12,2
DA:16,2
DA:18,0
DA:22,2
DA:24,0
DA:25,2
DA:28,2
DA:31,2
DA:34,2
LF:13
LH:11
BRF:0
BRH:0
end_of_record
TN:
SF:src\DA\db\postgresql\entity\rating.ts
FN:22,(anonymous_2)
FN:22,(anonymous_3)
FNF:2
FNH:0
FNDA:0,(anonymous_2)
FNDA:0,(anonymous_3)
DA:1,2
DA:3,2
DA:6,2
DA:9,2
DA:13,2
DA:16,2
DA:20,2
DA:22,0
DA:25,2
LF:9
LH:8
BRF:0
BRH:0
end_of_record
TN:
SF:src\DA\repositories\account\accountTypeOrmRepository.ts
FN:8,(anonymous_7)
FN:15,(anonymous_9)
FN:22,(anonymous_11)
FN:28,(anonymous_13)
FN:33,(anonymous_15)
FN:40,(anonymous_17)
FNF:6
FNH:0
FNDA:0,(anonymous_7)
FNDA:0,(anonymous_9)
FNDA:0,(anonymous_11)
FNDA:0,(anonymous_13)
FNDA:0,(anonymous_15)
FNDA:0,(anonymous_17)
DA:1,2
DA:2,2
DA:3,2
DA:5,2
DA:7,2
DA:9,0
DA:12,0
DA:16,0
DA:19,0
DA:23,0
DA:24,0
DA:25,0
DA:29,0
DA:30,0
DA:34,0
DA:35,0
DA:41,0
DA:43,0
LF:18
LH:5
BRDA:12,0,0,0
BRDA:12,0,1,0
BRDA:19,1,0,0
BRDA:19,1,1,0
BRDA:30,2,0,0
BRDA:30,2,1,0
BRF:6
BRH:0
end_of_record
TN:
SF:src\DA\repositories\account\accountTypegooseRepository.ts
FN:7,(anonymous_7)
FN:17,(anonymous_9)
FN:25,(anonymous_11)
FN:31,(anonymous_13)
FN:36,(anonymous_15)
FN:43,(anonymous_17)
FNF:6
FNH:0
FNDA:0,(anonymous_7)
FNDA:0,(anonymous_9)
FNDA:0,(anonymous_11)
FNDA:0,(anonymous_13)
FNDA:0,(anonymous_15)
FNDA:0,(anonymous_17)
DA:1,2
DA:3,2
DA:4,2
DA:5,2
DA:6,2
DA:8,0
DA:10,0
DA:14,0
DA:18,0
DA:22,0
DA:26,0
DA:27,0
DA:28,0
DA:32,0
DA:33,0
DA:37,0
DA:38,0
DA:44,0
DA:46,0
LF:19
LH:5
BRDA:27,0,0,0
BRDA:27,0,1,0
BRDA:33,1,0,0
BRDA:33,1,1,0
BRF:4
BRH:0
end_of_record
TN:
SF:src\DA\repositories\category\categoryTypeOrmRepository.ts
FN:8,(anonymous_7)
FN:24,(anonymous_9)
FN:29,(anonymous_11)
FN:39,(anonymous_13)
FN:44,(anonymous_15)
FNF:5
FNH:0
FNDA:0,(anonymous_7)
FNDA:0,(anonymous_9)
FNDA:0,(anonymous_11)
FNDA:0,(anonymous_13)
FNDA:0,(anonymous_15)
DA:1,2
DA:3,2
DA:5,2
DA:7,2
DA:9,0
DA:11,0
DA:13,0
DA:14,0
DA:16,0
DA:19,0
DA:21,0
DA:25,0
DA:26,0
DA:30,0
DA:31,0
DA:32,0
DA:34,0
DA:35,0
DA:36,0
DA:40,0
DA:41,0
DA:45,0
DA:47,0
LF:23
LH:4
BRDA:9,0,0,0
BRDA:9,0,1,0
BRDA:13,1,0,0
BRDA:13,2,0,0
BRDA:13,2,1,0
BRDA:16,3,0,0
BRDA:21,4,0,0
BRDA:21,4,1,0
BRDA:31,5,0,0
BRDA:36,6,0,0
BRDA:36,6,1,0
BRF:11
BRH:0
end_of_record
TN:
SF:src\DA\repositories\category\categoryTypegooseRepository.ts
FN:9,(anonymous_7)
FN:37,(anonymous_9)
FN:43,(anonymous_11)
FN:49,(anonymous_13)
FN:54,(anonymous_15)
FNF:5
FNH:0
FNDA:0,(anonymous_7)
FNDA:0,(anonymous_9)
FNDA:0,(anonymous_11)
FNDA:0,(anonymous_13)
FNDA:0,(anonymous_15)
DA:1,2
DA:3,2
DA:5,2
DA:6,2
DA:8,2
DA:10,0
DA:11,0
DA:13,0
DA:20,0
DA:23,0
DA:24,0
DA:26,0
DA:31,0
DA:34,0
DA:38,0
DA:39,0
DA:40,0
DA:44,0
DA:45,0
DA:46,0
DA:50,0
DA:51,0
DA:55,0
DA:56,0
LF:24
LH:5
BRDA:10,0,0,0
BRDA:10,0,1,0
BRDA:20,1,0,0
BRDA:20,2,0,0
BRDA:20,2,1,0
BRDA:20,2,2,0
BRDA:23,3,0,0
BRDA:23,3,1,0
BRDA:39,4,0,0
BRDA:39,4,1,0
BRDA:46,5,0,0
BRDA:46,5,1,0
BRF:12
BRH:0
end_of_record
TN:
SF:src\DA\repositories\lastRatings\lastRatingTypeOrmRepository.ts
FN:6,(anonymous_7)
FN:17,(anonymous_9)
FN:35,(anonymous_11)
FN:41,(anonymous_13)
FN:62,(anonymous_15)
FNF:5
FNH:0
FNDA:0,(anonymous_7)
FNDA:0,(anonymous_9)
FNDA:0,(anonymous_11)
FNDA:0,(anonymous_13)
FNDA:0,(anonymous_15)
DA:1,2
DA:3,2
DA:5,2
DA:7,0
DA:14,0
DA:18,0
DA:20,0
DA:21,0
DA:23,0
DA:29,0
DA:32,0
DA:36,0
DA:38,0
DA:42,0
DA:43,0
DA:49,0
DA:51,0
DA:52,0
DA:53,0
DA:54,0
DA:56,0
DA:59,0
DA:63,0
DA:64,0
LF:24
LH:3
BRDA:14,0,0,0
BRDA:14,0,1,0
BRDA:20,1,0,0
BRDA:20,2,0,0
BRDA:20,2,1,0
BRDA:51,3,0,0
BRDA:51,3,1,0
BRDA:64,4,0,0
BRDA:64,4,1,0
BRF:9
BRH:0
end_of_record
TN:
SF:src\DA\repositories\lastRatings\lastRatingTypegooseReporitory.ts
FN:6,(anonymous_7)
FN:14,(anonymous_9)
FN:27,(anonymous_11)
FN:32,(anonymous_13)
FN:41,(anonymous_15)
FNF:5
FNH:0
FNDA:0,(anonymous_7)
FNDA:0,(anonymous_9)
FNDA:0,(anonymous_11)
FNDA:0,(anonymous_13)
FNDA:0,(anonymous_15)
DA:2,2
DA:5,2
DA:7,0
DA:11,0
DA:15,0
DA:17,0
DA:18,0
DA:19,0
DA:21,0
DA:24,0
DA:28,0
DA:29,0
DA:33,0
DA:37,0
DA:38,0
DA:42,0
DA:43,0
LF:17
LH:2
BRDA:11,0,0,0
BRDA:11,0,1,0
BRDA:17,1,0,0
BRDA:38,2,0,0
BRDA:38,2,1,0
BRDA:43,3,0,0
BRDA:43,3,1,0
BRF:7
BRH:0
end_of_record
TN:
SF:src\DA\repositories\product\productTypeOrmRepository.ts
FN:12,(anonymous_7)
FN:19,(anonymous_9)
FN:24,(anonymous_11)
FN:28,(anonymous_13)
FN:32,(anonymous_15)
FN:38,(anonymous_16)
FN:44,(anonymous_17)
FN:55,(anonymous_19)
FNF:8
FNH:0
FNDA:0,(anonymous_7)
FNDA:0,(anonymous_9)
FNDA:0,(anonymous_11)
FNDA:0,(anonymous_13)
FNDA:0,(anonymous_15)
FNDA:0,(anonymous_16)
FNDA:0,(anonymous_17)
FNDA:0,(anonymous_19)
DA:1,2
DA:2,2
DA:3,2
DA:4,2
DA:5,2
DA:7,2
DA:8,2
DA:9,2
DA:11,2
DA:13,0
DA:16,0
DA:20,0
DA:21,0
DA:25,0
DA:26,0
DA:29,0
DA:30,0
DA:31,0
DA:32,0
DA:35,0
DA:36,0
DA:39,0
DA:41,0
DA:45,0
DA:46,0
DA:48,0
DA:52,0
DA:56,0
DA:57,0
DA:59,0
DA:61,0
DA:62,0
DA:64,0
DA:65,0
DA:66,0
DA:67,0
DA:68,0
DA:70,0
DA:71,0
DA:74,0
DA:80,0
DA:81,0
DA:82,0
DA:84,0
LF:44
LH:9
BRDA:16,0,0,0
BRDA:16,0,1,0
BRDA:19,1,0,0
BRDA:26,2,0,0
BRDA:26,2,1,0
BRDA:28,3,0,0
BRDA:30,4,0,0
BRDA:57,5,0,0
BRDA:64,6,0,0
BRDA:64,6,1,0
BRDA:80,7,0,0
BRF:11
BRH:0
end_of_record
TN:
SF:src\DA\repositories\product\productTypegooseRepository.ts
FN:11,(anonymous_7)
FN:18,(anonymous_9)
FN:29,(anonymous_11)
FN:33,(anonymous_13)
FN:39,(anonymous_15)
FN:45,(anonymous_16)
FN:70,(anonymous_18)
FNF:7
FNH:0
FNDA:0,(anonymous_7)
FNDA:0,(anonymous_9)
FNDA:0,(anonymous_11)
FNDA:0,(anonymous_13)
FNDA:0,(anonymous_15)
FNDA:0,(anonymous_16)
FNDA:0,(anonymous_18)
DA:1,2
DA:2,2
DA:3,2
DA:4,2
DA:5,2
DA:7,2
DA:8,2
DA:10,2
DA:12,0
DA:15,0
DA:19,0
DA:20,0
DA:21,0
DA:22,0
DA:24,0
DA:25,0
DA:26,0
DA:30,0
DA:31,0
DA:34,0
DA:35,0
DA:36,0
DA:38,0
DA:39,0
DA:40,0
DA:42,0
DA:47,0
DA:49,0
DA:54,0
DA:55,0
DA:56,0
DA:57,0
DA:58,0
DA:61,0
DA:67,0
DA:71,0
DA:73,0
DA:75,0
DA:88,0
DA:90,0
DA:100,0
DA:101,0
DA:103,0
DA:104,0
DA:107,0
DA:112,0
DA:117,0
DA:118,0
LF:48
LH:8
BRDA:18,0,0,0
BRDA:20,1,0,0
BRDA:25,2,0,0
BRDA:25,2,1,0
BRDA:31,3,0,0
BRDA:31,3,1,0
BRDA:33,4,0,0
BRDA:35,5,0,0
BRDA:54,6,0,0
BRDA:73,7,0,0
BRDA:73,7,1,0
BRDA:88,8,0,0
BRDA:88,8,1,0
BRDA:117,9,0,0
BRDA:117,9,1,0
BRF:15
BRH:0
end_of_record
TN:
SF:src\helpers\hash.ts
FN:5,(anonymous_8)
FN:5,(anonymous_9)
FN:10,(anonymous_10)
FN:10,(anonymous_11)
FNF:4
FNH:0
FNDA:0,(anonymous_8)
FNDA:0,(anonymous_9)
FNDA:0,(anonymous_10)
FNDA:0,(anonymous_11)
DA:1,2
DA:3,2
DA:5,2
DA:6,0
DA:7,0
DA:10,2
DA:11,0
LF:7
LH:4
BRF:0
BRH:0
end_of_record
TN:
SF:src\helpers\logger.ts
FN:4,(anonymous_0)
FNF:1
FNH:0
FNDA:0,(anonymous_0)
DA:1,4
DA:2,4
DA:4,4
DA:5,0
DA:8,4
DA:17,4
DA:18,0
DA:25,4
LF:8
LH:6
BRDA:17,0,0,0
BRF:1
BRH:0
end_of_record
TN:
SF:src\helpers\queryHandler\category.ts
FN:4,(anonymous_0)
FNF:1
FNH:1
FNDA:6,(anonymous_0)
DA:2,3
DA:4,3
DA:5,6
DA:10,6
DA:12,5
DA:13,5
DA:14,4
DA:16,4
DA:17,3
DA:18,1
DA:21,3
DA:22,2
DA:23,1
DA:26,2
LF:14
LH:14
BRDA:10,0,0,1
BRDA:12,1,0,5
BRDA:13,2,0,4
BRDA:13,2,1,1
BRDA:13,3,0,5
BRDA:13,3,1,2
BRDA:14,4,0,3
BRDA:14,4,1,1
BRDA:16,5,0,1
BRDA:21,6,0,2
BRDA:22,7,0,1
BRDA:22,7,1,1
BRF:12
BRH:12
end_of_record
TN:
SF:src\helpers\queryHandler\index.ts
FN:51,(anonymous_0)
FNF:1
FNH:1
FNDA:8,(anonymous_0)
DA:3,3
DA:51,11
LF:2
LH:2
BRF:0
BRH:0
end_of_record
TN:
SF:src\helpers\queryHandler\pagination.ts
FN:8,(anonymous_0)
FNF:1
FNH:1
FNDA:4,(anonymous_0)
DA:8,3
DA:9,4
DA:22,4
DA:24,3
DA:25,2
DA:26,2
DA:29,3
DA:30,2
DA:31,2
DA:34,3
LF:10
LH:10
BRDA:22,0,0,1
BRDA:24,1,0,2
BRDA:25,2,0,2
BRDA:25,2,1,0
BRDA:26,3,0,2
BRDA:26,3,1,0
BRDA:29,4,0,2
BRF:7
BRH:5
end_of_record
TN:
SF:src\helpers\queryHandler\product.ts
FN:5,(anonymous_0)
FN:40,(anonymous_1)
FNF:2
FNH:2
FNDA:8,(anonymous_0)
FNDA:4,(anonymous_1)
DA:2,3
DA:3,3
DA:5,3
DA:6,8
DA:17,8
DA:19,7
DA:20,4
DA:24,4
DA:27,7
DA:28,4
DA:29,3
DA:32,3
DA:33,1
DA:36,6
DA:37,3
DA:38,3
DA:39,3
DA:40,4
DA:42,2
DA:46,2
DA:48,1
DA:54,5
DA:55,2
DA:56,2
DA:57,2
DA:58,1
DA:59,1
DA:61,1
DA:62,1
DA:64,1
DA:69,4
LF:31
LH:31
BRDA:17,0,0,1
BRDA:19,1,0,4
BRDA:27,2,0,4
BRDA:28,3,0,3
BRDA:28,3,1,1
BRDA:36,4,0,3
BRDA:39,5,0,2
BRDA:39,5,1,1
BRDA:43,6,0,0
BRDA:43,6,1,2
BRDA:46,7,0,0
BRDA:46,7,1,2
BRDA:54,8,0,2
BRDA:57,9,0,1
BRDA:57,9,1,1
BRDA:59,10,0,1
BRDA:59,10,1,0
BRF:17
BRH:14
end_of_record
TN:
SF:src\helpers\validation\index.ts
FN:7,(anonymous_0)
FN:7,(anonymous_1)
FN:7,(anonymous_2)
FN:7,(anonymous_3)
FN:7,(anonymous_4)
FNF:5
FNH:5
FNDA:4,(anonymous_0)
FNDA:4,(anonymous_1)
FNDA:7,(anonymous_2)
FNDA:4,(anonymous_3)
FNDA:9,(anonymous_4)
DA:1,6
DA:2,6
DA:3,6
DA:4,6
DA:5,6
DA:7,15
LF:6
LH:6
BRF:0
BRH:0
end_of_record
TN:
SF:src\helpers\validation\product.ts
FN:3,(anonymous_0)
FNF:1
FNH:1
FNDA:4,(anonymous_0)
DA:3,6
DA:4,4
DA:6,4
DA:7,4
DA:9,4
DA:10,1
LF:6
LH:6
BRDA:6,0,0,1
BRDA:7,1,0,0
BRDA:9,2,0,1
BRF:3
BRH:2
end_of_record
TN:
SF:src\helpers\validation\rating.ts
FN:1,(anonymous_0)
FNF:1
FNH:1
FNDA:4,(anonymous_0)
DA:1,6
DA:2,4
DA:3,4
DA:4,3
DA:5,3
DA:6,1
DA:8,4
DA:9,3
LF:8
LH:8
BRDA:3,0,0,3
BRDA:3,0,1,1
BRDA:4,1,0,0
BRDA:5,2,0,2
BRDA:5,3,0,3
BRDA:5,3,1,2
BRDA:8,4,0,3
BRF:7
BRH:6
end_of_record
TN:
SF:src\helpers\validation\account\account.ts
FN:10,(anonymous_0)
FNF:1
FNH:1
FNDA:9,(anonymous_0)
DA:1,6
DA:10,6
DA:11,9
DA:13,9
DA:15,9
DA:17,8
DA:18,8
DA:21,9
DA:22,9
DA:24,9
DA:25,8
LF:11
LH:11
BRDA:13,0,0,1
BRDA:15,1,0,1
BRDA:15,1,1,8
BRDA:18,2,0,7
BRDA:21,3,0,1
BRDA:22,4,0,1
BRDA:24,5,0,8
BRF:7
BRH:7
end_of_record
TN:
SF:src\helpers\validation\account\auth.ts
FN:8,(anonymous_0)
FNF:1
FNH:1
FNDA:7,(anonymous_0)
DA:1,6
DA:8,6
DA:9,7
DA:11,7
DA:12,7
DA:14,6
DA:15,6
DA:18,7
DA:19,6
LF:9
LH:9
BRDA:11,0,0,1
BRDA:12,1,0,1
BRDA:12,1,1,6
BRDA:15,2,0,5
BRDA:18,3,0,6
BRF:5
BRH:5
end_of_record
TN:
SF:src\helpers\validation\account\profile.ts
FN:7,(anonymous_0)
FNF:1
FNH:1
FNDA:4,(anonymous_0)
DA:7,6
DA:8,4
DA:10,4
DA:11,4
DA:12,4
DA:14,4
DA:15,3
LF:7
LH:7
BRDA:10,0,0,1
BRDA:11,1,0,1
BRDA:12,2,0,1
BRDA:14,3,0,3
BRF:4
BRH:4
end_of_record
TN:
SF:src\helpers\validation\fields\password.ts
FN:1,(anonymous_0)
FNF:1
FNH:1
FNDA:14,(anonymous_0)
DA:1,6
DA:2,14
DA:4,12
DA:5,12
DA:6,12
DA:7,10
DA:9,2
LF:7
LH:7
BRDA:2,0,0,2
BRDA:6,1,0,10
BRF:2
BRH:2
end_of_record
TN:
SF:src\middlewares\errorHandler.ts
FN:6,(anonymous_1)
FN:14,(anonymous_2)
FNF:2
FNH:1
FNDA:6,(anonymous_1)
FNDA:0,(anonymous_2)
DA:3,4
DA:5,4
DA:7,6
DA:8,6
DA:14,4
DA:15,0
DA:19,0
LF:7
LH:5
BRDA:19,0,0,0
BRDA:19,0,1,0
BRF:2
BRH:0
end_of_record
TN:
SF:src\routes\admin.routes.ts
FN:9,(anonymous_8)
FN:10,(anonymous_9)
FN:10,(anonymous_10)
FN:12,(anonymous_11)
FN:16,(anonymous_12)
FN:20,(anonymous_13)
FN:20,(anonymous_14)
FN:42,(anonymous_15)
FN:42,(anonymous_16)
FN:44,(anonymous_17)
FN:44,(anonymous_18)
FN:59,(anonymous_19)
FN:65,(anonymous_20)
FN:68,(anonymous_21)
FN:68,(anonymous_22)
FN:70,(anonymous_23)
FN:74,(anonymous_24)
FN:81,(anonymous_25)
FN:81,(anonymous_26)
FN:83,(anonymous_27)
FN:88,(anonymous_28)
FN:96,(anonymous_29)
FN:96,(anonymous_30)
FN:103,(anonymous_31)
FN:104,(anonymous_32)
FN:112,(anonymous_33)
FN:112,(anonymous_34)
FN:114,(anonymous_35)
FN:114,(anonymous_36)
FN:122,(anonymous_37)
FN:127,(anonymous_38)
FN:135,(anonymous_39)
FN:135,(anonymous_40)
FN:137,(anonymous_41)
FN:141,(anonymous_42)
FNF:35
FNH:14
FNDA:1,(anonymous_8)
FNDA:2,(anonymous_9)
FNDA:2,(anonymous_10)
FNDA:2,(anonymous_11)
FNDA:0,(anonymous_12)
FNDA:1,(anonymous_13)
FNDA:1,(anonymous_14)
FNDA:1,(anonymous_15)
FNDA:1,(anonymous_16)
FNDA:1,(anonymous_17)
FNDA:1,(anonymous_18)
FNDA:1,(anonymous_19)
FNDA:0,(anonymous_20)
FNDA:1,(anonymous_21)
FNDA:1,(anonymous_22)
FNDA:1,(anonymous_23)
FNDA:0,(anonymous_24)
FNDA:0,(anonymous_25)
FNDA:0,(anonymous_26)
FNDA:0,(anonymous_27)
FNDA:0,(anonymous_28)
FNDA:0,(anonymous_29)
FNDA:0,(anonymous_30)
FNDA:0,(anonymous_31)
FNDA:0,(anonymous_32)
FNDA:0,(anonymous_33)
FNDA:0,(anonymous_34)
FNDA:0,(anonymous_35)
FNDA:0,(anonymous_36)
FNDA:0,(anonymous_37)
FNDA:0,(anonymous_38)
FNDA:0,(anonymous_39)
FNDA:0,(anonymous_40)
FNDA:0,(anonymous_41)
FNDA:0,(anonymous_42)
DA:2,1
DA:3,1
DA:4,1
DA:6,1
DA:7,1
DA:9,1
DA:10,2
DA:11,2
DA:13,2
DA:14,1
DA:16,0
DA:17,2
DA:20,1
DA:21,1
DA:22,1
DA:24,1
DA:32,1
DA:33,1
DA:34,1
DA:36,0
DA:39,1
DA:42,1
DA:43,1
DA:44,1
DA:45,1
DA:47,1
DA:48,1
DA:57,1
DA:58,1
DA:60,1
DA:65,0
DA:68,1
DA:69,1
DA:71,1
DA:72,0
DA:74,0
DA:77,1
DA:81,0
DA:82,0
DA:84,0
DA:86,0
DA:88,0
DA:92,1
DA:96,0
DA:97,0
DA:98,0
DA:102,0
DA:103,0
DA:104,0
DA:108,1
DA:112,0
DA:113,0
DA:114,0
DA:115,0
DA:117,0
DA:118,0
DA:122,0
DA:123,0
DA:127,0
DA:131,1
DA:135,0
DA:136,0
DA:138,0
DA:139,0
DA:141,0
LF:65
LH:35
BRDA:13,0,0,1
BRDA:13,0,1,1
BRDA:33,1,0,0
BRDA:33,1,1,1
BRDA:45,2,0,0
BRDA:45,2,1,1
BRDA:50,3,0,1
BRDA:50,3,1,0
BRDA:53,4,0,1
BRDA:53,4,1,0
BRDA:54,5,0,1
BRDA:54,5,1,1
BRDA:58,6,0,0
BRDA:58,6,1,1
BRDA:71,7,0,1
BRDA:71,7,1,0
BRDA:84,8,0,0
BRDA:115,9,0,0
BRDA:115,9,1,0
BRDA:120,10,0,0
BRDA:120,10,1,0
BRDA:138,11,0,0
BRDA:138,11,1,0
BRF:23
BRH:10
end_of_record
TN:
SF:src\routes\product.routes.ts
FN:4,(anonymous_7)
FN:5,(anonymous_8)
FN:5,(anonymous_9)
FNF:3
FNH:3
FNDA:1,(anonymous_7)
FNDA:1,(anonymous_8)
FNDA:1,(anonymous_9)
DA:2,1
DA:4,1
DA:5,1
DA:6,1
DA:7,1
DA:8,1
DA:9,1
DA:11,0
DA:14,1
LF:9
LH:8
BRF:0
BRH:0
end_of_record
